<?xml version="1.0" encoding="UTF-8" ?>
<testsuite tests="11" failures="0" name="AttackAndMoveTest" time="0.85" errors="11" skipped="0">
  <properties>
    <property name="idea.version" value="2022.2"/>
    <property name="java.runtime.name" value="Java(TM) SE Runtime Environment"/>
    <property name="java.vm.version" value="19.0.2+7-44"/>
    <property name="sun.boot.library.path" value="C:\Program Files\Java\jdk-19\bin"/>
    <property name="maven.multiModuleProjectDirectory" value="D:\University\Semester2\project-group-09\crusader"/>
    <property name="java.vm.vendor" value="Oracle Corporation"/>
    <property name="java.vendor.url" value="https://java.oracle.com/"/>
    <property name="guice.disable.misplaced.annotation.check" value="true"/>
    <property name="path.separator" value=";"/>
    <property name="java.vm.name" value="Java HotSpot(TM) 64-Bit Server VM"/>
    <property name="sun.os.patch.level" value=""/>
    <property name="user.script" value=""/>
    <property name="user.country" value="US"/>
    <property name="sun.java.launcher" value="SUN_STANDARD"/>
    <property name="java.vm.specification.name" value="Java Virtual Machine Specification"/>
    <property name="user.dir" value="D:\University\Semester2\project-group-09\crusader"/>
    <property name="java.vm.compressedOopsMode" value="Zero based"/>
    <property name="java.runtime.version" value="19.0.2+7-44"/>
    <property name="os.arch" value="amd64"/>
    <property name="java.io.tmpdir" value="C:\Users\Ausu\AppData\Local\Temp\"/>
    <property name="line.separator" value="
"/>
    <property name="java.vm.specification.vendor" value="Oracle Corporation"/>
    <property name="user.variant" value=""/>
    <property name="stderr.encoding" value="Cp1252"/>
    <property name="os.name" value="Windows 11"/>
    <property name="maven.ext.class.path" value="C:\Program Files\JetBrains\IntelliJ IDEA 2022.2\plugins\maven\lib\maven-event-listener.jar"/>
    <property name="classworlds.conf" value="C:\Program Files\JetBrains\IntelliJ IDEA 2022.2\plugins\maven\lib\maven3\bin\m2.conf"/>
    <property name="sun.jnu.encoding" value="Cp1252"/>
    <property name="stdout.encoding" value="Cp1252"/>
    <property name="java.library.path" value="C:\Program Files\Java\jdk-19\bin;C:\Windows\Sun\Java\bin;C:\Windows\system32;C:\Windows;C:\Program Files (x86)\Common Files\Oracle\Java\javapath;C:\Program Files\Common Files\Oracle\Java\javapath;C:\Windows\system32;C:\Windows;C:\Windows\System32\Wbem;C:\Windows\System32\WindowsPowerShell\v1.0\;C:\Windows\System32\OpenSSH\;C:\Program Files (x86)\NVIDIA Corporation\PhysX\Common;C:\Program Files\NVIDIA Corporation\NVIDIA NvDLISR;C:\Program Files\Microsoft VS Code\bin;C:\MinGW\bin;C:\Program Files\Git\cmd;C:\Program Files\Java\jdk-19\bin;C:\Users\Ausu\AppData\Local\Programs\Python\Python311\Scripts\;C:\Users\Ausu\AppData\Local\Programs\Python\Python311\;C:\Users\Ausu\AppData\Local\Microsoft\WindowsApps;C:\Users\Ausu\AppData\Local\GitHubDesktop\bin;C:\Program Files\JetBrains\IntelliJ IDEA 2022.2\bin;;."/>
    <property name="maven.conf" value="C:\Program Files\JetBrains\IntelliJ IDEA 2022.2\plugins\maven\lib\maven3/conf"/>
    <property name="jdk.debug" value="release"/>
    <property name="java.class.version" value="63.0"/>
    <property name="java.specification.name" value="Java Platform API Specification"/>
    <property name="sun.management.compiler" value="HotSpot 64-Bit Tiered Compilers"/>
    <property name="os.version" value="10.0"/>
    <property name="user.home" value="C:\Users\Ausu"/>
    <property name="user.timezone" value="Asia/Tehran"/>
    <property name="file.encoding" value="UTF-8"/>
    <property name="java.specification.version" value="19"/>
    <property name="user.name" value="AmirS"/>
    <property name="java.class.path" value="C:\Program Files\JetBrains\IntelliJ IDEA 2022.2\plugins\maven\lib\maven3\boot\plexus-classworlds-2.6.0.jar;C:\Program Files\JetBrains\IntelliJ IDEA 2022.2\plugins\maven\lib\maven3\boot\plexus-classworlds.license"/>
    <property name="java.vm.specification.version" value="19"/>
    <property name="sun.arch.data.model" value="64"/>
    <property name="sun.java.command" value="org.codehaus.classworlds.Launcher -Didea.version=2022.2 test"/>
    <property name="java.home" value="C:\Program Files\Java\jdk-19"/>
    <property name="user.language" value="en"/>
    <property name="java.specification.vendor" value="Oracle Corporation"/>
    <property name="java.vm.info" value="mixed mode, sharing"/>
    <property name="java.version" value="19.0.2"/>
    <property name="native.encoding" value="Cp1252"/>
    <property name="java.vendor" value="Oracle Corporation"/>
    <property name="maven.home" value="C:\Program Files\JetBrains\IntelliJ IDEA 2022.2\plugins\maven\lib\maven3"/>
    <property name="file.separator" value="\"/>
    <property name="java.version.date" value="2023-01-17"/>
    <property name="java.vendor.url.bug" value="https://bugreport.java.com/bugreport/"/>
    <property name="sun.io.unicode.encoding" value="UnicodeLittle"/>
    <property name="sun.cpu.endian" value="little"/>
    <property name="sun.cpu.isalist" value="amd64"/>
  </properties>
  <testcase classname="AttackAndMoveTest" name="attackToolToPoint" time="0.312">
    <error message="Cannot invoke &quot;model.tools.Tool.setStoneNumber(int)&quot; because &quot;tool&quot; is null" type="java.lang.NullPointerException">java.lang.NullPointerException: Cannot invoke &quot;model.tools.Tool.setStoneNumber(int)&quot; because &quot;tool&quot; is null
	at AttackAndMoveTest.attackToolToPoint(AttackAndMoveTest.java:328)
	at java.base/jdk.internal.reflect.DirectMethodHandleAccessor.invoke(DirectMethodHandleAccessor.java:104)
	at java.base/java.lang.reflect.Method.invoke(Method.java:578)
	at org.junit.runners.model.FrameworkMethod$1.runReflectiveCall(FrameworkMethod.java:59)
	at org.junit.internal.runners.model.ReflectiveCallable.run(ReflectiveCallable.java:12)
	at org.junit.runners.model.FrameworkMethod.invokeExplosively(FrameworkMethod.java:56)
	at org.junit.internal.runners.statements.InvokeMethod.evaluate(InvokeMethod.java:17)
	at org.junit.runners.ParentRunner$3.evaluate(ParentRunner.java:306)
	at org.junit.runners.BlockJUnit4ClassRunner$1.evaluate(BlockJUnit4ClassRunner.java:100)
	at org.junit.runners.ParentRunner.runLeaf(ParentRunner.java:366)
	at org.junit.runners.BlockJUnit4ClassRunner.runChild(BlockJUnit4ClassRunner.java:103)
	at org.junit.runners.BlockJUnit4ClassRunner.runChild(BlockJUnit4ClassRunner.java:63)
	at org.junit.runners.ParentRunner$4.run(ParentRunner.java:331)
	at org.junit.runners.ParentRunner$1.schedule(ParentRunner.java:79)
	at org.junit.runners.ParentRunner.runChildren(ParentRunner.java:329)
	at org.junit.runners.ParentRunner.access$100(ParentRunner.java:66)
	at org.junit.runners.ParentRunner$2.evaluate(ParentRunner.java:293)
	at org.junit.runners.ParentRunner$3.evaluate(ParentRunner.java:306)
	at org.junit.runners.ParentRunner.run(ParentRunner.java:413)
	at org.apache.maven.surefire.junit4.JUnit4Provider.execute(JUnit4Provider.java:252)
	at org.apache.maven.surefire.junit4.JUnit4Provider.executeTestSet(JUnit4Provider.java:141)
	at org.apache.maven.surefire.junit4.JUnit4Provider.invoke(JUnit4Provider.java:112)
	at java.base/jdk.internal.reflect.DirectMethodHandleAccessor.invoke(DirectMethodHandleAccessor.java:104)
	at java.base/java.lang.reflect.Method.invoke(Method.java:578)
	at org.apache.maven.surefire.util.ReflectionUtils.invokeMethodWithArray(ReflectionUtils.java:189)
	at org.apache.maven.surefire.booter.ProviderFactory$ProviderProxy.invoke(ProviderFactory.java:165)
	at org.apache.maven.surefire.booter.ProviderFactory.invokeProvider(ProviderFactory.java:85)
	at org.apache.maven.surefire.booter.ForkedBooter.runSuitesInProcess(ForkedBooter.java:115)
	at org.apache.maven.surefire.booter.ForkedBooter.main(ForkedBooter.java:75)
</error>
    <system-out>siegeTent put for this goal successfully!
order record successfully!
</system-out>
  </testcase>
  <testcase classname="AttackAndMoveTest" name="makeToolAndMove" time="0.118">
    <error message="Cannot invoke &quot;model.activity.Move.moveOneTurn()&quot; because the return value of &quot;model.human.military.Military.getMove()&quot; is null" type="java.lang.NullPointerException">java.lang.NullPointerException: Cannot invoke &quot;model.activity.Move.moveOneTurn()&quot; because the return value of &quot;model.human.military.Military.getMove()&quot; is null
	at AttackAndMoveTest.makeToolAndMove(AttackAndMoveTest.java:201)
	at java.base/jdk.internal.reflect.DirectMethodHandleAccessor.invoke(DirectMethodHandleAccessor.java:104)
	at java.base/java.lang.reflect.Method.invoke(Method.java:578)
	at org.junit.runners.model.FrameworkMethod$1.runReflectiveCall(FrameworkMethod.java:59)
	at org.junit.internal.runners.model.ReflectiveCallable.run(ReflectiveCallable.java:12)
	at org.junit.runners.model.FrameworkMethod.invokeExplosively(FrameworkMethod.java:56)
	at org.junit.internal.runners.statements.InvokeMethod.evaluate(InvokeMethod.java:17)
	at org.junit.runners.ParentRunner$3.evaluate(ParentRunner.java:306)
	at org.junit.runners.BlockJUnit4ClassRunner$1.evaluate(BlockJUnit4ClassRunner.java:100)
	at org.junit.runners.ParentRunner.runLeaf(ParentRunner.java:366)
	at org.junit.runners.BlockJUnit4ClassRunner.runChild(BlockJUnit4ClassRunner.java:103)
	at org.junit.runners.BlockJUnit4ClassRunner.runChild(BlockJUnit4ClassRunner.java:63)
	at org.junit.runners.ParentRunner$4.run(ParentRunner.java:331)
	at org.junit.runners.ParentRunner$1.schedule(ParentRunner.java:79)
	at org.junit.runners.ParentRunner.runChildren(ParentRunner.java:329)
	at org.junit.runners.ParentRunner.access$100(ParentRunner.java:66)
	at org.junit.runners.ParentRunner$2.evaluate(ParentRunner.java:293)
	at org.junit.runners.ParentRunner$3.evaluate(ParentRunner.java:306)
	at org.junit.runners.ParentRunner.run(ParentRunner.java:413)
	at org.apache.maven.surefire.junit4.JUnit4Provider.execute(JUnit4Provider.java:252)
	at org.apache.maven.surefire.junit4.JUnit4Provider.executeTestSet(JUnit4Provider.java:141)
	at org.apache.maven.surefire.junit4.JUnit4Provider.invoke(JUnit4Provider.java:112)
	at java.base/jdk.internal.reflect.DirectMethodHandleAccessor.invoke(DirectMethodHandleAccessor.java:104)
	at java.base/java.lang.reflect.Method.invoke(Method.java:578)
	at org.apache.maven.surefire.util.ReflectionUtils.invokeMethodWithArray(ReflectionUtils.java:189)
	at org.apache.maven.surefire.booter.ProviderFactory$ProviderProxy.invoke(ProviderFactory.java:165)
	at org.apache.maven.surefire.booter.ProviderFactory.invokeProvider(ProviderFactory.java:85)
	at org.apache.maven.surefire.booter.ForkedBooter.runSuitesInProcess(ForkedBooter.java:115)
	at org.apache.maven.surefire.booter.ForkedBooter.main(ForkedBooter.java:75)
</error>
    <system-out>you can&apos;t put a tool here!
-------------------------------------------------------------------------------------------------------------------
|&amp;#27;[48;5;28m&amp;#27;[38;2;29;44;219m3&amp;#27;[0m&amp;#27;[48;5;28m&amp;#27;[38;2;29;44;219m3&amp;#27;[0m&amp;#27;[48;5;28m&amp;#27;[38;2;29;44;219m3&amp;#27;[0m&amp;#27;[48;5;28m&amp;#27;[38;2;29;44;219m3&amp;#27;[0m&amp;#27;[48;5;28m&amp;#27;[38;2;29;44;219m3&amp;#27;[0m|&amp;#27;[48;5;28m&amp;#27;[38;2;29;44;219m3&amp;#27;[0m&amp;#27;[48;5;28m&amp;#27;[38;2;29;44;219m3&amp;#27;[0m&amp;#27;[48;5;28m&amp;#27;[38;2;29;44;219m3&amp;#27;[0m&amp;#27;[48;5;28m&amp;#27;[38;2;29;44;219m3&amp;#27;[0m&amp;#27;[48;5;28m&amp;#27;[38;2;29;44;219m3&amp;#27;[0m|&amp;#27;[48;5;28m&amp;#27;[38;2;29;44;219m3&amp;#27;[0m&amp;#27;[48;5;28m&amp;#27;[38;2;29;44;219m3&amp;#27;[0m&amp;#27;[48;5;28m&amp;#27;[38;2;29;44;219m3&amp;#27;[0m&amp;#27;[48;5;28m&amp;#27;[38;2;29;44;219m3&amp;#27;[0m&amp;#27;[48;5;28m&amp;#27;[38;2;29;44;219m3&amp;#27;[0m|&amp;#27;[48;5;28m&amp;#27;[38;2;29;44;219m3&amp;#27;[0m&amp;#27;[48;5;28m&amp;#27;[38;2;29;44;219m3&amp;#27;[0m&amp;#27;[48;5;28m&amp;#27;[38;2;29;44;219m3&amp;#27;[0m&amp;#27;[48;5;28m&amp;#27;[38;2;29;44;219m3&amp;#27;[0m&amp;#27;[48;5;28m&amp;#27;[38;2;29;44;219m3&amp;#27;[0m|&amp;#27;[48;5;28m&amp;#27;[38;2;29;44;219m3&amp;#27;[0m&amp;#27;[48;5;28m&amp;#27;[38;2;29;44;219m3&amp;#27;[0m&amp;#27;[48;5;28m&amp;#27;[38;2;29;44;219m3&amp;#27;[0m&amp;#27;[48;5;28m&amp;#27;[38;2;29;44;219m3&amp;#27;[0m&amp;#27;[48;5;28m&amp;#27;[38;2;29;44;219m3&amp;#27;[0m|&amp;#27;[48;5;28m&amp;#27;[38;2;29;44;219m3&amp;#27;[0m&amp;#27;[48;5;28m&amp;#27;[38;2;29;44;219m3&amp;#27;[0m&amp;#27;[48;5;28m&amp;#27;[38;2;29;44;219m3&amp;#27;[0m&amp;#27;[48;5;28m&amp;#27;[38;2;29;44;219m3&amp;#27;[0m&amp;#27;[48;5;28m&amp;#27;[38;2;29;44;219m3&amp;#27;[0m|&amp;#27;[48;5;28m&amp;#27;[38;2;29;44;219m3&amp;#27;[0m&amp;#27;[48;5;28m&amp;#27;[38;2;29;44;219m3&amp;#27;[0m&amp;#27;[48;5;28m&amp;#27;[38;2;29;44;219m3&amp;#27;[0m&amp;#27;[48;5;28m&amp;#27;[38;2;29;44;219m3&amp;#27;[0m&amp;#27;[48;5;28m&amp;#27;[38;2;29;44;219m3&amp;#27;[0m|&amp;#27;[48;5;28m &amp;#27;[0m&amp;#27;[48;5;28m &amp;#27;[0m&amp;#27;[48;5;28m &amp;#27;[0m&amp;#27;[48;5;28m &amp;#27;[0m&amp;#27;[48;5;28m &amp;#27;[0m|&amp;#27;[48;5;28m &amp;#27;[0m&amp;#27;[48;5;28m &amp;#27;[0m&amp;#27;[48;5;28m &amp;#27;[0m&amp;#27;[48;5;28m &amp;#27;[0m&amp;#27;[48;5;28m &amp;#27;[0m|&amp;#27;[48;5;28m &amp;#27;[0m&amp;#27;[48;5;28m &amp;#27;[0m&amp;#27;[48;5;28m &amp;#27;[0m&amp;#27;[48;5;28m &amp;#27;[0m&amp;#27;[48;5;28m &amp;#27;[0m|&amp;#27;[48;5;28m &amp;#27;[0m&amp;#27;[48;5;28m &amp;#27;[0m&amp;#27;[48;5;28m &amp;#27;[0m&amp;#27;[48;5;28m &amp;#27;[0m&amp;#27;[48;5;28m &amp;#27;[0m|&amp;#27;[48;5;28m &amp;#27;[0m&amp;#27;[48;5;28m &amp;#27;[0m&amp;#27;[48;5;28m &amp;#27;[0m&amp;#27;[48;5;28m &amp;#27;[0m&amp;#27;[48;5;28m &amp;#27;[0m|&amp;#27;[48;5;28m &amp;#27;[0m&amp;#27;[48;5;28m &amp;#27;[0m&amp;#27;[48;5;28m &amp;#27;[0m&amp;#27;[48;5;28m &amp;#27;[0m&amp;#27;[48;5;28m &amp;#27;[0m|&amp;#27;[48;5;28m &amp;#27;[0m&amp;#27;[48;5;28m &amp;#27;[0m&amp;#27;[48;5;28m &amp;#27;[0m&amp;#27;[48;5;28m &amp;#27;[0m&amp;#27;[48;5;28m &amp;#27;[0m|&amp;#27;[48;5;28m &amp;#27;[0m&amp;#27;[48;5;28m &amp;#27;[0m&amp;#27;[48;5;28m &amp;#27;[0m&amp;#27;[48;5;28m &amp;#27;[0m&amp;#27;[48;5;28m &amp;#27;[0m|&amp;#27;[48;5;28m &amp;#27;[0m&amp;#27;[48;5;28m &amp;#27;[0m&amp;#27;[48;5;28m &amp;#27;[0m&amp;#27;[48;5;28m &amp;#27;[0m&amp;#27;[48;5;28m &amp;#27;[0m|&amp;#27;[48;5;28m &amp;#27;[0m&amp;#27;[48;5;28m &amp;#27;[0m&amp;#27;[48;5;28m &amp;#27;[0m&amp;#27;[48;5;28m &amp;#27;[0m&amp;#27;[48;5;28m &amp;#27;[0m|&amp;#27;[48;5;28m &amp;#27;[0m&amp;#27;[48;5;28m &amp;#27;[0m&amp;#27;[48;5;28m &amp;#27;[0m&amp;#27;[48;5;28m &amp;#27;[0m&amp;#27;[48;5;28m &amp;#27;[0m|&amp;#27;[48;5;28m &amp;#27;[0m&amp;#27;[48;5;28m &amp;#27;[0m&amp;#27;[48;5;28m &amp;#27;[0m&amp;#27;[48;5;28m &amp;#27;[0m&amp;#27;[48;5;28m &amp;#27;[0m|
|&amp;#27;[48;5;28m&amp;#27;[38;2;29;44;219m3&amp;#27;[0m&amp;#27;[48;5;28m&amp;#27;[38;2;29;44;219m3&amp;#27;[0m&amp;#27;[48;5;28m&amp;#27;[38;2;29;44;219m3&amp;#27;[0m&amp;#27;[48;5;28m&amp;#27;[38;2;29;44;219m3&amp;#27;[0m&amp;#27;[48;5;28m&amp;#27;[38;2;29;44;219m3&amp;#27;[0m|&amp;#27;[48;5;28m&amp;#27;[38;2;29;44;219m3&amp;#27;[0m&amp;#27;[48;5;28m&amp;#27;[38;2;29;44;219m3&amp;#27;[0m&amp;#27;[48;5;28m&amp;#27;[38;2;29;44;219m3&amp;#27;[0m&amp;#27;[48;5;28m&amp;#27;[38;2;29;44;219m3&amp;#27;[0m&amp;#27;[48;5;28m&amp;#27;[38;2;29;44;219m3&amp;#27;[0m|&amp;#27;[48;5;28m&amp;#27;[38;2;29;44;219m3&amp;#27;[0m&amp;#27;[48;5;28m&amp;#27;[38;2;29;44;219m3&amp;#27;[0m&amp;#27;[48;5;28m&amp;#27;[38;2;29;44;219m3&amp;#27;[0m&amp;#27;[48;5;28m&amp;#27;[38;2;29;44;219m3&amp;#27;[0m&amp;#27;[48;5;28m&amp;#27;[38;2;29;44;219m3&amp;#27;[0m|&amp;#27;[48;5;28m&amp;#27;[38;2;29;44;219m3&amp;#27;[0m&amp;#27;[48;5;28m&amp;#27;[38;2;29;44;219m3&amp;#27;[0m&amp;#27;[48;5;28m&amp;#27;[38;2;29;44;219m3&amp;#27;[0m&amp;#27;[48;5;28m&amp;#27;[38;2;29;44;219m3&amp;#27;[0m&amp;#27;[48;5;28m&amp;#27;[38;2;29;44;219m3&amp;#27;[0m|&amp;#27;[48;5;28m&amp;#27;[38;2;29;44;219m3&amp;#27;[0m&amp;#27;[48;5;28m&amp;#27;[38;2;29;44;219m3&amp;#27;[0m&amp;#27;[48;5;28m&amp;#27;[38;2;29;44;219m3&amp;#27;[0m&amp;#27;[48;5;28m&amp;#27;[38;2;29;44;219m3&amp;#27;[0m&amp;#27;[48;5;28m&amp;#27;[38;2;29;44;219m3&amp;#27;[0m|&amp;#27;[48;5;28m&amp;#27;[38;2;29;44;219m3&amp;#27;[0m&amp;#27;[48;5;28m&amp;#27;[38;2;29;44;219m3&amp;#27;[0m&amp;#27;[48;5;28m&amp;#27;[38;2;29;44;219m3&amp;#27;[0m&amp;#27;[48;5;28m&amp;#27;[38;2;29;44;219m3&amp;#27;[0m&amp;#27;[48;5;28m&amp;#27;[38;2;29;44;219m3&amp;#27;[0m|&amp;#27;[48;5;28m&amp;#27;[38;2;29;44;219m3&amp;#27;[0m&amp;#27;[48;5;28m&amp;#27;[38;2;29;44;219m3&amp;#27;[0m&amp;#27;[48;5;28m&amp;#27;[38;2;29;44;219m3&amp;#27;[0m&amp;#27;[48;5;28m&amp;#27;[38;2;29;44;219m3&amp;#27;[0m&amp;#27;[48;5;28m&amp;#27;[38;2;29;44;219m3&amp;#27;[0m|&amp;#27;[48;5;28m &amp;#27;[0m&amp;#27;[48;5;28m &amp;#27;[0m&amp;#27;[48;5;28m &amp;#27;[0m&amp;#27;[48;5;28m &amp;#27;[0m&amp;#27;[48;5;28m &amp;#27;[0m|&amp;#27;[48;5;28m &amp;#27;[0m&amp;#27;[48;5;28m &amp;#27;[0m&amp;#27;[48;5;28m &amp;#27;[0m&amp;#27;[48;5;28m &amp;#27;[0m&amp;#27;[48;5;28m &amp;#27;[0m|&amp;#27;[48;5;28m &amp;#27;[0m&amp;#27;[48;5;28m &amp;#27;[0m&amp;#27;[48;5;28m &amp;#27;[0m&amp;#27;[48;5;28m &amp;#27;[0m&amp;#27;[48;5;28m &amp;#27;[0m|&amp;#27;[48;5;28m &amp;#27;[0m&amp;#27;[48;5;28m &amp;#27;[0m&amp;#27;[48;5;28m &amp;#27;[0m&amp;#27;[48;5;28m &amp;#27;[0m&amp;#27;[48;5;28m &amp;#27;[0m|&amp;#27;[48;5;28m &amp;#27;[0m&amp;#27;[48;5;28m &amp;#27;[0m&amp;#27;[48;5;28m &amp;#27;[0m&amp;#27;[48;5;28m &amp;#27;[0m&amp;#27;[48;5;28m &amp;#27;[0m|&amp;#27;[48;5;28m &amp;#27;[0m&amp;#27;[48;5;28m &amp;#27;[0m&amp;#27;[48;5;28m &amp;#27;[0m&amp;#27;[48;5;28m &amp;#27;[0m&amp;#27;[48;5;28m &amp;#27;[0m|&amp;#27;[48;5;28m &amp;#27;[0m&amp;#27;[48;5;28m &amp;#27;[0m&amp;#27;[48;5;28m &amp;#27;[0m&amp;#27;[48;5;28m &amp;#27;[0m&amp;#27;[48;5;28m &amp;#27;[0m|&amp;#27;[48;5;28m &amp;#27;[0m&amp;#27;[48;5;28m &amp;#27;[0m&amp;#27;[48;5;28m &amp;#27;[0m&amp;#27;[48;5;28m &amp;#27;[0m&amp;#27;[48;5;28m &amp;#27;[0m|&amp;#27;[48;5;28m &amp;#27;[0m&amp;#27;[48;5;28m &amp;#27;[0m&amp;#27;[48;5;28m &amp;#27;[0m&amp;#27;[48;5;28m &amp;#27;[0m&amp;#27;[48;5;28m &amp;#27;[0m|&amp;#27;[48;5;28m &amp;#27;[0m&amp;#27;[48;5;28m &amp;#27;[0m&amp;#27;[48;5;28m &amp;#27;[0m&amp;#27;[48;5;28m &amp;#27;[0m&amp;#27;[48;5;28m &amp;#27;[0m|&amp;#27;[48;5;28m &amp;#27;[0m&amp;#27;[48;5;28m &amp;#27;[0m&amp;#27;[48;5;28m &amp;#27;[0m&amp;#27;[48;5;28m &amp;#27;[0m&amp;#27;[48;5;28m &amp;#27;[0m|&amp;#27;[48;5;28m &amp;#27;[0m&amp;#27;[48;5;28m &amp;#27;[0m&amp;#27;[48;5;28m &amp;#27;[0m&amp;#27;[48;5;28m &amp;#27;[0m&amp;#27;[48;5;28m &amp;#27;[0m|
-------------------------------------------------------------------------------------------------------------------
|&amp;#27;[48;5;28m&amp;#27;[38;2;29;44;219m3&amp;#27;[0m&amp;#27;[48;5;28m&amp;#27;[38;2;29;44;219m3&amp;#27;[0m&amp;#27;[48;5;28m&amp;#27;[38;2;29;44;219m3&amp;#27;[0m&amp;#27;[48;5;28m&amp;#27;[38;2;29;44;219m3&amp;#27;[0m&amp;#27;[48;5;28m&amp;#27;[38;2;29;44;219m3&amp;#27;[0m|&amp;#27;[48;5;28mR&amp;#27;[0m&amp;#27;[48;5;28mR&amp;#27;[0m&amp;#27;[48;5;28mR&amp;#27;[0m&amp;#27;[48;5;28mR&amp;#27;[0m&amp;#27;[48;5;28mR&amp;#27;[0m|&amp;#27;[48;5;28m &amp;#27;[0m&amp;#27;[48;5;28m &amp;#27;[0m&amp;#27;[48;5;28m &amp;#27;[0m&amp;#27;[48;5;28m &amp;#27;[0m&amp;#27;[48;5;28m &amp;#27;[0m|&amp;#27;[48;5;28m &amp;#27;[0m&amp;#27;[48;5;28m &amp;#27;[0m&amp;#27;[48;5;28m &amp;#27;[0m&amp;#27;[48;5;28m &amp;#27;[0m&amp;#27;[48;5;28m &amp;#27;[0m|&amp;#27;[48;5;28m &amp;#27;[0m&amp;#27;[48;5;28m &amp;#27;[0m&amp;#27;[48;5;28m &amp;#27;[0m&amp;#27;[48;5;28m &amp;#27;[0m&amp;#27;[48;5;28m &amp;#27;[0m|&amp;#27;[48;5;28m&amp;#27;[38;2;29;44;219mB&amp;#27;[0m&amp;#27;[48;5;28m&amp;#27;[38;2;29;44;219mB&amp;#27;[0m&amp;#27;[48;5;28m&amp;#27;[38;2;29;44;219mB&amp;#27;[0m&amp;#27;[48;5;28m&amp;#27;[38;2;29;44;219mB&amp;#27;[0m&amp;#27;[48;5;28m&amp;#27;[38;2;29;44;219mB&amp;#27;[0m|&amp;#27;[48;5;28m&amp;#27;[38;2;29;44;219mB&amp;#27;[0m&amp;#27;[48;5;28m&amp;#27;[38;2;29;44;219mB&amp;#27;[0m&amp;#27;[48;5;28m&amp;#27;[38;2;29;44;219mB&amp;#27;[0m&amp;#27;[48;5;28m&amp;#27;[38;2;29;44;219mB&amp;#27;[0m&amp;#27;[48;5;28m&amp;#27;[38;2;29;44;219mB&amp;#27;[0m|&amp;#27;[48;5;28m&amp;#27;[38;2;29;44;219mB&amp;#27;[0m&amp;#27;[48;5;28m&amp;#27;[38;2;29;44;219mB&amp;#27;[0m&amp;#27;[48;5;28m&amp;#27;[38;2;29;44;219mB&amp;#27;[0m&amp;#27;[48;5;28m&amp;#27;[38;2;29;44;219mB&amp;#27;[0m&amp;#27;[48;5;28m&amp;#27;[38;2;29;44;219mB&amp;#27;[0m|&amp;#27;[48;5;28m &amp;#27;[0m&amp;#27;[48;5;28m &amp;#27;[0m&amp;#27;[48;5;28m &amp;#27;[0m&amp;#27;[48;5;28m &amp;#27;[0m&amp;#27;[48;5;28m &amp;#27;[0m|&amp;#27;[48;5;28m &amp;#27;[0m&amp;#27;[48;5;28m &amp;#27;[0m&amp;#27;[48;5;28m &amp;#27;[0m&amp;#27;[48;5;28m &amp;#27;[0m&amp;#27;[48;5;28m &amp;#27;[0m|&amp;#27;[48;5;28m &amp;#27;[0m&amp;#27;[48;5;28m &amp;#27;[0m&amp;#27;[48;5;28m &amp;#27;[0m&amp;#27;[48;5;28m &amp;#27;[0m&amp;#27;[48;5;28m &amp;#27;[0m|&amp;#27;[48;5;28m &amp;#27;[0m&amp;#27;[48;5;28m &amp;#27;[0m&amp;#27;[48;5;28m &amp;#27;[0m&amp;#27;[48;5;28m &amp;#27;[0m&amp;#27;[48;5;28m &amp;#27;[0m|&amp;#27;[48;5;28m &amp;#27;[0m&amp;#27;[48;5;28m &amp;#27;[0m&amp;#27;[48;5;28m &amp;#27;[0m&amp;#27;[48;5;28m &amp;#27;[0m&amp;#27;[48;5;28m &amp;#27;[0m|&amp;#27;[48;5;28m &amp;#27;[0m&amp;#27;[48;5;28m &amp;#27;[0m&amp;#27;[48;5;28m &amp;#27;[0m&amp;#27;[48;5;28m &amp;#27;[0m&amp;#27;[48;5;28m &amp;#27;[0m|&amp;#27;[48;5;28m &amp;#27;[0m&amp;#27;[48;5;28m &amp;#27;[0m&amp;#27;[48;5;28m &amp;#27;[0m&amp;#27;[48;5;28m &amp;#27;[0m&amp;#27;[48;5;28m &amp;#27;[0m|&amp;#27;[48;5;28m &amp;#27;[0m&amp;#27;[48;5;28m &amp;#27;[0m&amp;#27;[48;5;28m &amp;#27;[0m&amp;#27;[48;5;28m &amp;#27;[0m&amp;#27;[48;5;28m &amp;#27;[0m|&amp;#27;[48;5;28m &amp;#27;[0m&amp;#27;[48;5;28m &amp;#27;[0m&amp;#27;[48;5;28m &amp;#27;[0m&amp;#27;[48;5;28m &amp;#27;[0m&amp;#27;[48;5;28m &amp;#27;[0m|&amp;#27;[48;5;28m &amp;#27;[0m&amp;#27;[48;5;28m &amp;#27;[0m&amp;#27;[48;5;28m &amp;#27;[0m&amp;#27;[48;5;28m &amp;#27;[0m&amp;#27;[48;5;28m &amp;#27;[0m|&amp;#27;[48;5;28m &amp;#27;[0m&amp;#27;[48;5;28m &amp;#27;[0m&amp;#27;[48;5;28m &amp;#27;[0m&amp;#27;[48;5;28m &amp;#27;[0m&amp;#27;[48;5;28m &amp;#27;[0m|
|&amp;#27;[48;5;28m&amp;#27;[38;2;29;44;219m3&amp;#27;[0m&amp;#27;[48;5;28m&amp;#27;[38;2;29;44;219m3&amp;#27;[0m&amp;#27;[48;5;28m&amp;#27;[38;2;29;44;219m3&amp;#27;[0m&amp;#27;[48;5;28m&amp;#27;[38;2;29;44;219m3&amp;#27;[0m&amp;#27;[48;5;28m&amp;#27;[38;2;29;44;219m3&amp;#27;[0m|&amp;#27;[48;5;28mR&amp;#27;[0m&amp;#27;[48;5;28mR&amp;#27;[0m&amp;#27;[48;5;28mR&amp;#27;[0m&amp;#27;[48;5;28mR&amp;#27;[0m&amp;#27;[48;5;28mR&amp;#27;[0m|&amp;#27;[48;5;28m &amp;#27;[0m&amp;#27;[48;5;28m &amp;#27;[0m&amp;#27;[48;5;28m &amp;#27;[0m&amp;#27;[48;5;28m &amp;#27;[0m&amp;#27;[48;5;28m &amp;#27;[0m|&amp;#27;[48;5;28m &amp;#27;[0m&amp;#27;[48;5;28m &amp;#27;[0m&amp;#27;[48;5;28m &amp;#27;[0m&amp;#27;[48;5;28m &amp;#27;[0m&amp;#27;[48;5;28m &amp;#27;[0m|&amp;#27;[48;5;28m &amp;#27;[0m&amp;#27;[48;5;28m &amp;#27;[0m&amp;#27;[48;5;28m &amp;#27;[0m&amp;#27;[48;5;28m &amp;#27;[0m&amp;#27;[48;5;28m &amp;#27;[0m|&amp;#27;[48;5;28m&amp;#27;[38;2;29;44;219mB&amp;#27;[0m&amp;#27;[48;5;28m&amp;#27;[38;2;29;44;219mB&amp;#27;[0m&amp;#27;[48;5;28m&amp;#27;[38;2;29;44;219mB&amp;#27;[0m&amp;#27;[48;5;28m&amp;#27;[38;2;29;44;219mB&amp;#27;[0m&amp;#27;[48;5;28m&amp;#27;[38;2;29;44;219mB&amp;#27;[0m|&amp;#27;[48;5;28m&amp;#27;[38;2;29;44;219mB&amp;#27;[0m&amp;#27;[48;5;28m&amp;#27;[38;2;29;44;219mB&amp;#27;[0m&amp;#27;[48;5;28m&amp;#27;[38;2;29;44;219mB&amp;#27;[0m&amp;#27;[48;5;28m&amp;#27;[38;2;29;44;219mB&amp;#27;[0m&amp;#27;[48;5;28m&amp;#27;[38;2;29;44;219mB&amp;#27;[0m|&amp;#27;[48;5;28m&amp;#27;[38;2;29;44;219mB&amp;#27;[0m&amp;#27;[48;5;28m&amp;#27;[38;2;29;44;219mB&amp;#27;[0m&amp;#27;[48;5;28m&amp;#27;[38;2;29;44;219mB&amp;#27;[0m&amp;#27;[48;5;28m&amp;#27;[38;2;29;44;219mB&amp;#27;[0m&amp;#27;[48;5;28m&amp;#27;[38;2;29;44;219mB&amp;#27;[0m|&amp;#27;[48;5;28m &amp;#27;[0m&amp;#27;[48;5;28m &amp;#27;[0m&amp;#27;[48;5;28m &amp;#27;[0m&amp;#27;[48;5;28m &amp;#27;[0m&amp;#27;[48;5;28m &amp;#27;[0m|&amp;#27;[48;5;28m &amp;#27;[0m&amp;#27;[48;5;28m &amp;#27;[0m&amp;#27;[48;5;28m &amp;#27;[0m&amp;#27;[48;5;28m &amp;#27;[0m&amp;#27;[48;5;28m &amp;#27;[0m|&amp;#27;[48;5;28m &amp;#27;[0m&amp;#27;[48;5;28m &amp;#27;[0m&amp;#27;[48;5;28m &amp;#27;[0m&amp;#27;[48;5;28m &amp;#27;[0m&amp;#27;[48;5;28m &amp;#27;[0m|&amp;#27;[48;5;28m &amp;#27;[0m&amp;#27;[48;5;28m &amp;#27;[0m&amp;#27;[48;5;28m &amp;#27;[0m&amp;#27;[48;5;28m &amp;#27;[0m&amp;#27;[48;5;28m &amp;#27;[0m|&amp;#27;[48;5;28m &amp;#27;[0m&amp;#27;[48;5;28m &amp;#27;[0m&amp;#27;[48;5;28m &amp;#27;[0m&amp;#27;[48;5;28m &amp;#27;[0m&amp;#27;[48;5;28m &amp;#27;[0m|&amp;#27;[48;5;28m &amp;#27;[0m&amp;#27;[48;5;28m &amp;#27;[0m&amp;#27;[48;5;28m &amp;#27;[0m&amp;#27;[48;5;28m &amp;#27;[0m&amp;#27;[48;5;28m &amp;#27;[0m|&amp;#27;[48;5;28m &amp;#27;[0m&amp;#27;[48;5;28m &amp;#27;[0m&amp;#27;[48;5;28m &amp;#27;[0m&amp;#27;[48;5;28m &amp;#27;[0m&amp;#27;[48;5;28m &amp;#27;[0m|&amp;#27;[48;5;28m &amp;#27;[0m&amp;#27;[48;5;28m &amp;#27;[0m&amp;#27;[48;5;28m &amp;#27;[0m&amp;#27;[48;5;28m &amp;#27;[0m&amp;#27;[48;5;28m &amp;#27;[0m|&amp;#27;[48;5;28m &amp;#27;[0m&amp;#27;[48;5;28m &amp;#27;[0m&amp;#27;[48;5;28m &amp;#27;[0m&amp;#27;[48;5;28m &amp;#27;[0m&amp;#27;[48;5;28m &amp;#27;[0m|&amp;#27;[48;5;28m &amp;#27;[0m&amp;#27;[48;5;28m &amp;#27;[0m&amp;#27;[48;5;28m &amp;#27;[0m&amp;#27;[48;5;28m &amp;#27;[0m&amp;#27;[48;5;28m &amp;#27;[0m|&amp;#27;[48;5;28m &amp;#27;[0m&amp;#27;[48;5;28m &amp;#27;[0m&amp;#27;[48;5;28m &amp;#27;[0m&amp;#27;[48;5;28m &amp;#27;[0m&amp;#27;[48;5;28m &amp;#27;[0m|
-------------------------------------------------------------------------------------------------------------------
|&amp;#27;[48;5;28m&amp;#27;[38;2;29;44;219m3&amp;#27;[0m&amp;#27;[48;5;28m&amp;#27;[38;2;29;44;219m3&amp;#27;[0m&amp;#27;[48;5;28m&amp;#27;[38;2;29;44;219m3&amp;#27;[0m&amp;#27;[48;5;28m&amp;#27;[38;2;29;44;219m3&amp;#27;[0m&amp;#27;[48;5;28m&amp;#27;[38;2;29;44;219m3&amp;#27;[0m|&amp;#27;[48;5;28m &amp;#27;[0m&amp;#27;[48;5;28m &amp;#27;[0m&amp;#27;[48;5;28m &amp;#27;[0m&amp;#27;[48;5;28m &amp;#27;[0m&amp;#27;[48;5;28m &amp;#27;[0m|&amp;#27;[48;5;28m &amp;#27;[0m&amp;#27;[48;5;28m &amp;#27;[0m&amp;#27;[48;5;28m &amp;#27;[0m&amp;#27;[48;5;28m &amp;#27;[0m&amp;#27;[48;5;28m &amp;#27;[0m|&amp;#27;[48;5;28m &amp;#27;[0m&amp;#27;[48;5;28m &amp;#27;[0m&amp;#27;[48;5;28m &amp;#27;[0m&amp;#27;[48;5;28m &amp;#27;[0m&amp;#27;[48;5;28m &amp;#27;[0m|&amp;#27;[48;5;28m &amp;#27;[0m&amp;#27;[48;5;28m &amp;#27;[0m&amp;#27;[48;5;28m &amp;#27;[0m&amp;#27;[48;5;28m &amp;#27;[0m&amp;#27;[48;5;28m &amp;#27;[0m|&amp;#27;[48;5;28m&amp;#27;[38;2;29;44;219mB&amp;#27;[0m&amp;#27;[48;5;28m&amp;#27;[38;2;29;44;219mB&amp;#27;[0m&amp;#27;[48;5;28m&amp;#27;[38;2;29;44;219mB&amp;#27;[0m&amp;#27;[48;5;28m&amp;#27;[38;2;29;44;219mB&amp;#27;[0m&amp;#27;[48;5;28m&amp;#27;[38;2;29;44;219mB&amp;#27;[0m|&amp;#27;[48;5;28m&amp;#27;[38;2;29;44;219mB&amp;#27;[0m&amp;#27;[48;5;28m&amp;#27;[38;2;29;44;219mB&amp;#27;[0m&amp;#27;[48;5;28m&amp;#27;[38;2;29;44;219mB&amp;#27;[0m&amp;#27;[48;5;28m&amp;#27;[38;2;29;44;219mB&amp;#27;[0m&amp;#27;[48;5;28m&amp;#27;[38;2;29;44;219mB&amp;#27;[0m|&amp;#27;[48;5;28m&amp;#27;[38;2;29;44;219mB&amp;#27;[0m&amp;#27;[48;5;28m&amp;#27;[38;2;29;44;219mB&amp;#27;[0m&amp;#27;[48;5;28m&amp;#27;[38;2;29;44;219mB&amp;#27;[0m&amp;#27;[48;5;28m&amp;#27;[38;2;29;44;219mB&amp;#27;[0m&amp;#27;[48;5;28m&amp;#27;[38;2;29;44;219mB&amp;#27;[0m|&amp;#27;[48;5;28m &amp;#27;[0m&amp;#27;[48;5;28m &amp;#27;[0m&amp;#27;[48;5;28m &amp;#27;[0m&amp;#27;[48;5;28m &amp;#27;[0m&amp;#27;[48;5;28m &amp;#27;[0m|&amp;#27;[48;5;28m &amp;#27;[0m&amp;#27;[48;5;28m &amp;#27;[0m&amp;#27;[48;5;28m &amp;#27;[0m&amp;#27;[48;5;28m &amp;#27;[0m&amp;#27;[48;5;28m &amp;#27;[0m|&amp;#27;[48;5;28m &amp;#27;[0m&amp;#27;[48;5;28m &amp;#27;[0m&amp;#27;[48;5;28m &amp;#27;[0m&amp;#27;[48;5;28m &amp;#27;[0m&amp;#27;[48;5;28m &amp;#27;[0m|&amp;#27;[48;5;28m &amp;#27;[0m&amp;#27;[48;5;28m &amp;#27;[0m&amp;#27;[48;5;28m &amp;#27;[0m&amp;#27;[48;5;28m &amp;#27;[0m&amp;#27;[48;5;28m &amp;#27;[0m|&amp;#27;[48;5;28m &amp;#27;[0m&amp;#27;[48;5;28m &amp;#27;[0m&amp;#27;[48;5;28m &amp;#27;[0m&amp;#27;[48;5;28m &amp;#27;[0m&amp;#27;[48;5;28m &amp;#27;[0m|&amp;#27;[48;5;28m &amp;#27;[0m&amp;#27;[48;5;28m &amp;#27;[0m&amp;#27;[48;5;28m &amp;#27;[0m&amp;#27;[48;5;28m &amp;#27;[0m&amp;#27;[48;5;28m &amp;#27;[0m|&amp;#27;[48;5;28m &amp;#27;[0m&amp;#27;[48;5;28m &amp;#27;[0m&amp;#27;[48;5;28m &amp;#27;[0m&amp;#27;[48;5;28m &amp;#27;[0m&amp;#27;[48;5;28m &amp;#27;[0m|&amp;#27;[48;5;28m &amp;#27;[0m&amp;#27;[48;5;28m &amp;#27;[0m&amp;#27;[48;5;28m &amp;#27;[0m&amp;#27;[48;5;28m &amp;#27;[0m&amp;#27;[48;5;28m &amp;#27;[0m|&amp;#27;[48;5;28m &amp;#27;[0m&amp;#27;[48;5;28m &amp;#27;[0m&amp;#27;[48;5;28m &amp;#27;[0m&amp;#27;[48;5;28m &amp;#27;[0m&amp;#27;[48;5;28m &amp;#27;[0m|&amp;#27;[48;5;28m &amp;#27;[0m&amp;#27;[48;5;28m &amp;#27;[0m&amp;#27;[48;5;28m &amp;#27;[0m&amp;#27;[48;5;28m &amp;#27;[0m&amp;#27;[48;5;28m &amp;#27;[0m|&amp;#27;[48;5;28m &amp;#27;[0m&amp;#27;[48;5;28m &amp;#27;[0m&amp;#27;[48;5;28m &amp;#27;[0m&amp;#27;[48;5;28m &amp;#27;[0m&amp;#27;[48;5;28m &amp;#27;[0m|
|&amp;#27;[48;5;28m&amp;#27;[38;2;29;44;219m3&amp;#27;[0m&amp;#27;[48;5;28m&amp;#27;[38;2;29;44;219m3&amp;#27;[0m&amp;#27;[48;5;28m&amp;#27;[38;2;29;44;219m3&amp;#27;[0m&amp;#27;[48;5;28m&amp;#27;[38;2;29;44;219m3&amp;#27;[0m&amp;#27;[48;5;28m&amp;#27;[38;2;29;44;219m3&amp;#27;[0m|&amp;#27;[48;5;28m &amp;#27;[0m&amp;#27;[48;5;28m &amp;#27;[0m&amp;#27;[48;5;28m &amp;#27;[0m&amp;#27;[48;5;28m &amp;#27;[0m&amp;#27;[48;5;28m &amp;#27;[0m|&amp;#27;[48;5;28m &amp;#27;[0m&amp;#27;[48;5;28m &amp;#27;[0m&amp;#27;[48;5;28m &amp;#27;[0m&amp;#27;[48;5;28m &amp;#27;[0m&amp;#27;[48;5;28m &amp;#27;[0m|&amp;#27;[48;5;28m &amp;#27;[0m&amp;#27;[48;5;28m &amp;#27;[0m&amp;#27;[48;5;28m &amp;#27;[0m&amp;#27;[48;5;28m &amp;#27;[0m&amp;#27;[48;5;28m &amp;#27;[0m|&amp;#27;[48;5;28m &amp;#27;[0m&amp;#27;[48;5;28m &amp;#27;[0m&amp;#27;[48;5;28m &amp;#27;[0m&amp;#27;[48;5;28m &amp;#27;[0m&amp;#27;[48;5;28m &amp;#27;[0m|&amp;#27;[48;5;28m&amp;#27;[38;2;29;44;219mB&amp;#27;[0m&amp;#27;[48;5;28m&amp;#27;[38;2;29;44;219mB&amp;#27;[0m&amp;#27;[48;5;28m&amp;#27;[38;2;29;44;219mB&amp;#27;[0m&amp;#27;[48;5;28m&amp;#27;[38;2;29;44;219mB&amp;#27;[0m&amp;#27;[48;5;28m&amp;#27;[38;2;29;44;219mB&amp;#27;[0m|&amp;#27;[48;5;28m&amp;#27;[38;2;29;44;219mB&amp;#27;[0m&amp;#27;[48;5;28m&amp;#27;[38;2;29;44;219mB&amp;#27;[0m&amp;#27;[48;5;28m&amp;#27;[38;2;29;44;219mB&amp;#27;[0m&amp;#27;[48;5;28m&amp;#27;[38;2;29;44;219mB&amp;#27;[0m&amp;#27;[48;5;28m&amp;#27;[38;2;29;44;219mB&amp;#27;[0m|&amp;#27;[48;5;28m&amp;#27;[38;2;29;44;219mB&amp;#27;[0m&amp;#27;[48;5;28m&amp;#27;[38;2;29;44;219mB&amp;#27;[0m&amp;#27;[48;5;28m&amp;#27;[38;2;29;44;219mB&amp;#27;[0m&amp;#27;[48;5;28m&amp;#27;[38;2;29;44;219mB&amp;#27;[0m&amp;#27;[48;5;28m&amp;#27;[38;2;29;44;219mB&amp;#27;[0m|&amp;#27;[48;5;28m &amp;#27;[0m&amp;#27;[48;5;28m &amp;#27;[0m&amp;#27;[48;5;28m &amp;#27;[0m&amp;#27;[48;5;28m &amp;#27;[0m&amp;#27;[48;5;28m &amp;#27;[0m|&amp;#27;[48;5;28m &amp;#27;[0m&amp;#27;[48;5;28m &amp;#27;[0m&amp;#27;[48;5;28m &amp;#27;[0m&amp;#27;[48;5;28m &amp;#27;[0m&amp;#27;[48;5;28m &amp;#27;[0m|&amp;#27;[48;5;28m &amp;#27;[0m&amp;#27;[48;5;28m &amp;#27;[0m&amp;#27;[48;5;28m &amp;#27;[0m&amp;#27;[48;5;28m &amp;#27;[0m&amp;#27;[48;5;28m &amp;#27;[0m|&amp;#27;[48;5;28m &amp;#27;[0m&amp;#27;[48;5;28m &amp;#27;[0m&amp;#27;[48;5;28m &amp;#27;[0m&amp;#27;[48;5;28m &amp;#27;[0m&amp;#27;[48;5;28m &amp;#27;[0m|&amp;#27;[48;5;28m &amp;#27;[0m&amp;#27;[48;5;28m &amp;#27;[0m&amp;#27;[48;5;28m &amp;#27;[0m&amp;#27;[48;5;28m &amp;#27;[0m&amp;#27;[48;5;28m &amp;#27;[0m|&amp;#27;[48;5;28m &amp;#27;[0m&amp;#27;[48;5;28m &amp;#27;[0m&amp;#27;[48;5;28m &amp;#27;[0m&amp;#27;[48;5;28m &amp;#27;[0m&amp;#27;[48;5;28m &amp;#27;[0m|&amp;#27;[48;5;28m &amp;#27;[0m&amp;#27;[48;5;28m &amp;#27;[0m&amp;#27;[48;5;28m &amp;#27;[0m&amp;#27;[48;5;28m &amp;#27;[0m&amp;#27;[48;5;28m &amp;#27;[0m|&amp;#27;[48;5;28m &amp;#27;[0m&amp;#27;[48;5;28m &amp;#27;[0m&amp;#27;[48;5;28m &amp;#27;[0m&amp;#27;[48;5;28m &amp;#27;[0m&amp;#27;[48;5;28m &amp;#27;[0m|&amp;#27;[48;5;28m &amp;#27;[0m&amp;#27;[48;5;28m &amp;#27;[0m&amp;#27;[48;5;28m &amp;#27;[0m&amp;#27;[48;5;28m &amp;#27;[0m&amp;#27;[48;5;28m &amp;#27;[0m|&amp;#27;[48;5;28m &amp;#27;[0m&amp;#27;[48;5;28m &amp;#27;[0m&amp;#27;[48;5;28m &amp;#27;[0m&amp;#27;[48;5;28m &amp;#27;[0m&amp;#27;[48;5;28m &amp;#27;[0m|&amp;#27;[48;5;28m &amp;#27;[0m&amp;#27;[48;5;28m &amp;#27;[0m&amp;#27;[48;5;28m &amp;#27;[0m&amp;#27;[48;5;28m &amp;#27;[0m&amp;#27;[48;5;28m &amp;#27;[0m|
-------------------------------------------------------------------------------------------------------------------
|&amp;#27;[48;5;28m&amp;#27;[38;2;29;44;219m3&amp;#27;[0m&amp;#27;[48;5;28m&amp;#27;[38;2;29;44;219m3&amp;#27;[0m&amp;#27;[48;5;28m&amp;#27;[38;2;29;44;219m3&amp;#27;[0m&amp;#27;[48;5;28m&amp;#27;[38;2;29;44;219m3&amp;#27;[0m&amp;#27;[48;5;28m&amp;#27;[38;2;29;44;219m3&amp;#27;[0m|&amp;#27;[48;5;28m &amp;#27;[0m&amp;#27;[48;5;28m &amp;#27;[0m&amp;#27;[48;5;28m &amp;#27;[0m&amp;#27;[48;5;28m &amp;#27;[0m&amp;#27;[48;5;28m &amp;#27;[0m|&amp;#27;[48;5;28m &amp;#27;[0m&amp;#27;[48;5;28m &amp;#27;[0m&amp;#27;[48;5;28m &amp;#27;[0m&amp;#27;[48;5;28m &amp;#27;[0m&amp;#27;[48;5;28m &amp;#27;[0m|&amp;#27;[48;5;28m &amp;#27;[0m&amp;#27;[48;5;28m &amp;#27;[0m&amp;#27;[48;5;28m &amp;#27;[0m&amp;#27;[48;5;28m &amp;#27;[0m&amp;#27;[48;5;28m &amp;#27;[0m|&amp;#27;[48;5;28m &amp;#27;[0m&amp;#27;[48;5;28m &amp;#27;[0m&amp;#27;[48;5;28m &amp;#27;[0m&amp;#27;[48;5;28m &amp;#27;[0m&amp;#27;[48;5;28m &amp;#27;[0m|&amp;#27;[48;5;28m&amp;#27;[38;2;29;44;219mB&amp;#27;[0m&amp;#27;[48;5;28m&amp;#27;[38;2;29;44;219mB&amp;#27;[0m&amp;#27;[48;5;28m&amp;#27;[38;2;29;44;219mB&amp;#27;[0m&amp;#27;[48;5;28m&amp;#27;[38;2;29;44;219mB&amp;#27;[0m&amp;#27;[48;5;28m&amp;#27;[38;2;29;44;219mB&amp;#27;[0m|&amp;#27;[48;5;28m&amp;#27;[38;2;29;44;219mB&amp;#27;[0m&amp;#27;[48;5;28m&amp;#27;[38;2;29;44;219mB&amp;#27;[0m&amp;#27;[48;5;28m&amp;#27;[38;2;29;44;219mB&amp;#27;[0m&amp;#27;[48;5;28m&amp;#27;[38;2;29;44;219mB&amp;#27;[0m&amp;#27;[48;5;28m&amp;#27;[38;2;29;44;219mB&amp;#27;[0m|&amp;#27;[48;5;28m&amp;#27;[38;2;29;44;219mB&amp;#27;[0m&amp;#27;[48;5;28m&amp;#27;[38;2;29;44;219mB&amp;#27;[0m&amp;#27;[48;5;28m&amp;#27;[38;2;29;44;219mB&amp;#27;[0m&amp;#27;[48;5;28m&amp;#27;[38;2;29;44;219mB&amp;#27;[0m&amp;#27;[48;5;28m&amp;#27;[38;2;29;44;219mB&amp;#27;[0m|&amp;#27;[48;5;28m &amp;#27;[0m&amp;#27;[48;5;28m &amp;#27;[0m&amp;#27;[48;5;28m &amp;#27;[0m&amp;#27;[48;5;28m &amp;#27;[0m&amp;#27;[48;5;28m &amp;#27;[0m|&amp;#27;[48;5;28m &amp;#27;[0m&amp;#27;[48;5;28m &amp;#27;[0m&amp;#27;[48;5;28m &amp;#27;[0m&amp;#27;[48;5;28m &amp;#27;[0m&amp;#27;[48;5;28m &amp;#27;[0m|&amp;#27;[48;5;28m &amp;#27;[0m&amp;#27;[48;5;28m &amp;#27;[0m&amp;#27;[48;5;28m &amp;#27;[0m&amp;#27;[48;5;28m &amp;#27;[0m&amp;#27;[48;5;28m &amp;#27;[0m|&amp;#27;[48;5;28m &amp;#27;[0m&amp;#27;[48;5;28m &amp;#27;[0m&amp;#27;[48;5;28m &amp;#27;[0m&amp;#27;[48;5;28m &amp;#27;[0m&amp;#27;[48;5;28m &amp;#27;[0m|&amp;#27;[48;5;28m &amp;#27;[0m&amp;#27;[48;5;28m &amp;#27;[0m&amp;#27;[48;5;28m &amp;#27;[0m&amp;#27;[48;5;28m &amp;#27;[0m&amp;#27;[48;5;28m &amp;#27;[0m|&amp;#27;[48;5;28m &amp;#27;[0m&amp;#27;[48;5;28m &amp;#27;[0m&amp;#27;[48;5;28m &amp;#27;[0m&amp;#27;[48;5;28m &amp;#27;[0m&amp;#27;[48;5;28m &amp;#27;[0m|&amp;#27;[48;5;28m &amp;#27;[0m&amp;#27;[48;5;28m &amp;#27;[0m&amp;#27;[48;5;28m &amp;#27;[0m&amp;#27;[48;5;28m &amp;#27;[0m&amp;#27;[48;5;28m &amp;#27;[0m|&amp;#27;[48;5;28m &amp;#27;[0m&amp;#27;[48;5;28m &amp;#27;[0m&amp;#27;[48;5;28m &amp;#27;[0m&amp;#27;[48;5;28m &amp;#27;[0m&amp;#27;[48;5;28m &amp;#27;[0m|&amp;#27;[48;5;28m &amp;#27;[0m&amp;#27;[48;5;28m &amp;#27;[0m&amp;#27;[48;5;28m &amp;#27;[0m&amp;#27;[48;5;28m &amp;#27;[0m&amp;#27;[48;5;28m &amp;#27;[0m|&amp;#27;[48;5;28m &amp;#27;[0m&amp;#27;[48;5;28m &amp;#27;[0m&amp;#27;[48;5;28m &amp;#27;[0m&amp;#27;[48;5;28m &amp;#27;[0m&amp;#27;[48;5;28m &amp;#27;[0m|&amp;#27;[48;5;28m &amp;#27;[0m&amp;#27;[48;5;28m &amp;#27;[0m&amp;#27;[48;5;28m &amp;#27;[0m&amp;#27;[48;5;28m &amp;#27;[0m&amp;#27;[48;5;28m &amp;#27;[0m|
|&amp;#27;[48;5;28m&amp;#27;[38;2;29;44;219m3&amp;#27;[0m&amp;#27;[48;5;28m&amp;#27;[38;2;29;44;219m3&amp;#27;[0m&amp;#27;[48;5;28m&amp;#27;[38;2;29;44;219m3&amp;#27;[0m&amp;#27;[48;5;28m&amp;#27;[38;2;29;44;219m3&amp;#27;[0m&amp;#27;[48;5;28m&amp;#27;[38;2;29;44;219m3&amp;#27;[0m|&amp;#27;[48;5;28m &amp;#27;[0m&amp;#27;[48;5;28m &amp;#27;[0m&amp;#27;[48;5;28m &amp;#27;[0m&amp;#27;[48;5;28m &amp;#27;[0m&amp;#27;[48;5;28m &amp;#27;[0m|&amp;#27;[48;5;28m &amp;#27;[0m&amp;#27;[48;5;28m &amp;#27;[0m&amp;#27;[48;5;28m &amp;#27;[0m&amp;#27;[48;5;28m &amp;#27;[0m&amp;#27;[48;5;28m &amp;#27;[0m|&amp;#27;[48;5;28m &amp;#27;[0m&amp;#27;[48;5;28m &amp;#27;[0m&amp;#27;[48;5;28m &amp;#27;[0m&amp;#27;[48;5;28m &amp;#27;[0m&amp;#27;[48;5;28m &amp;#27;[0m|&amp;#27;[48;5;28m &amp;#27;[0m&amp;#27;[48;5;28m &amp;#27;[0m&amp;#27;[48;5;28m &amp;#27;[0m&amp;#27;[48;5;28m &amp;#27;[0m&amp;#27;[48;5;28m &amp;#27;[0m|&amp;#27;[48;5;28m&amp;#27;[38;2;29;44;219mB&amp;#27;[0m&amp;#27;[48;5;28m&amp;#27;[38;2;29;44;219mB&amp;#27;[0m&amp;#27;[48;5;28m&amp;#27;[38;2;29;44;219mB&amp;#27;[0m&amp;#27;[48;5;28m&amp;#27;[38;2;29;44;219mB&amp;#27;[0m&amp;#27;[48;5;28m&amp;#27;[38;2;29;44;219mB&amp;#27;[0m|&amp;#27;[48;5;28m&amp;#27;[38;2;29;44;219mB&amp;#27;[0m&amp;#27;[48;5;28m&amp;#27;[38;2;29;44;219mB&amp;#27;[0m&amp;#27;[48;5;28m&amp;#27;[38;2;29;44;219mB&amp;#27;[0m&amp;#27;[48;5;28m&amp;#27;[38;2;29;44;219mB&amp;#27;[0m&amp;#27;[48;5;28m&amp;#27;[38;2;29;44;219mB&amp;#27;[0m|&amp;#27;[48;5;28m&amp;#27;[38;2;29;44;219mB&amp;#27;[0m&amp;#27;[48;5;28m&amp;#27;[38;2;29;44;219mB&amp;#27;[0m&amp;#27;[48;5;28m&amp;#27;[38;2;29;44;219mB&amp;#27;[0m&amp;#27;[48;5;28m&amp;#27;[38;2;29;44;219mB&amp;#27;[0m&amp;#27;[48;5;28m&amp;#27;[38;2;29;44;219mB&amp;#27;[0m|&amp;#27;[48;5;28m &amp;#27;[0m&amp;#27;[48;5;28m &amp;#27;[0m&amp;#27;[48;5;28m &amp;#27;[0m&amp;#27;[48;5;28m &amp;#27;[0m&amp;#27;[48;5;28m &amp;#27;[0m|&amp;#27;[48;5;28m &amp;#27;[0m&amp;#27;[48;5;28m &amp;#27;[0m&amp;#27;[48;5;28m &amp;#27;[0m&amp;#27;[48;5;28m &amp;#27;[0m&amp;#27;[48;5;28m &amp;#27;[0m|&amp;#27;[48;5;28m &amp;#27;[0m&amp;#27;[48;5;28m &amp;#27;[0m&amp;#27;[48;5;28m &amp;#27;[0m&amp;#27;[48;5;28m &amp;#27;[0m&amp;#27;[48;5;28m &amp;#27;[0m|&amp;#27;[48;5;28m &amp;#27;[0m&amp;#27;[48;5;28m &amp;#27;[0m&amp;#27;[48;5;28m &amp;#27;[0m&amp;#27;[48;5;28m &amp;#27;[0m&amp;#27;[48;5;28m &amp;#27;[0m|&amp;#27;[48;5;28m &amp;#27;[0m&amp;#27;[48;5;28m &amp;#27;[0m&amp;#27;[48;5;28m &amp;#27;[0m&amp;#27;[48;5;28m &amp;#27;[0m&amp;#27;[48;5;28m &amp;#27;[0m|&amp;#27;[48;5;28m &amp;#27;[0m&amp;#27;[48;5;28m &amp;#27;[0m&amp;#27;[48;5;28m &amp;#27;[0m&amp;#27;[48;5;28m &amp;#27;[0m&amp;#27;[48;5;28m &amp;#27;[0m|&amp;#27;[48;5;28m &amp;#27;[0m&amp;#27;[48;5;28m &amp;#27;[0m&amp;#27;[48;5;28m &amp;#27;[0m&amp;#27;[48;5;28m &amp;#27;[0m&amp;#27;[48;5;28m &amp;#27;[0m|&amp;#27;[48;5;28m &amp;#27;[0m&amp;#27;[48;5;28m &amp;#27;[0m&amp;#27;[48;5;28m &amp;#27;[0m&amp;#27;[48;5;28m &amp;#27;[0m&amp;#27;[48;5;28m &amp;#27;[0m|&amp;#27;[48;5;28m &amp;#27;[0m&amp;#27;[48;5;28m &amp;#27;[0m&amp;#27;[48;5;28m &amp;#27;[0m&amp;#27;[48;5;28m &amp;#27;[0m&amp;#27;[48;5;28m &amp;#27;[0m|&amp;#27;[48;5;28m &amp;#27;[0m&amp;#27;[48;5;28m &amp;#27;[0m&amp;#27;[48;5;28m &amp;#27;[0m&amp;#27;[48;5;28m &amp;#27;[0m&amp;#27;[48;5;28m &amp;#27;[0m|&amp;#27;[48;5;28m &amp;#27;[0m&amp;#27;[48;5;28m &amp;#27;[0m&amp;#27;[48;5;28m &amp;#27;[0m&amp;#27;[48;5;28m &amp;#27;[0m&amp;#27;[48;5;28m &amp;#27;[0m|
-------------------------------------------------------------------------------------------------------------------
|&amp;#27;[48;5;28m&amp;#27;[38;2;29;44;219m3&amp;#27;[0m&amp;#27;[48;5;28m&amp;#27;[38;2;29;44;219m3&amp;#27;[0m&amp;#27;[48;5;28m&amp;#27;[38;2;29;44;219m3&amp;#27;[0m&amp;#27;[48;5;28m&amp;#27;[38;2;29;44;219m3&amp;#27;[0m&amp;#27;[48;5;28m&amp;#27;[38;2;29;44;219m3&amp;#27;[0m|&amp;#27;[48;5;28mR&amp;#27;[0m&amp;#27;[48;5;28mR&amp;#27;[0m&amp;#27;[48;5;28mR&amp;#27;[0m&amp;#27;[48;5;28mR&amp;#27;[0m&amp;#27;[48;5;28mR&amp;#27;[0m|&amp;#27;[48;5;28m &amp;#27;[0m&amp;#27;[48;5;28m &amp;#27;[0m&amp;#27;[48;5;28m &amp;#27;[0m&amp;#27;[48;5;28m &amp;#27;[0m&amp;#27;[48;5;28m &amp;#27;[0m|&amp;#27;[48;5;28m &amp;#27;[0m&amp;#27;[48;5;28m &amp;#27;[0m&amp;#27;[48;5;28m &amp;#27;[0m&amp;#27;[48;5;28m &amp;#27;[0m&amp;#27;[48;5;28m &amp;#27;[0m|&amp;#27;[48;5;28m &amp;#27;[0m&amp;#27;[48;5;28m &amp;#27;[0m&amp;#27;[48;5;28m &amp;#27;[0m&amp;#27;[48;5;28m &amp;#27;[0m&amp;#27;[48;5;28m &amp;#27;[0m|&amp;#27;[48;5;28m &amp;#27;[0m&amp;#27;[48;5;28m &amp;#27;[0m&amp;#27;[48;5;28m &amp;#27;[0m&amp;#27;[48;5;28m &amp;#27;[0m&amp;#27;[48;5;28m &amp;#27;[0m|&amp;#27;[48;5;28m&amp;#27;[38;2;29;44;219m3&amp;#27;[0m&amp;#27;[48;5;28m&amp;#27;[38;2;29;44;219m3&amp;#27;[0m&amp;#27;[48;5;28m&amp;#27;[38;2;29;44;219m3&amp;#27;[0m&amp;#27;[48;5;28m&amp;#27;[38;2;29;44;219m3&amp;#27;[0m&amp;#27;[48;5;28m&amp;#27;[38;2;29;44;219m3&amp;#27;[0m|&amp;#27;[48;5;28m &amp;#27;[0m&amp;#27;[48;5;28m &amp;#27;[0m&amp;#27;[48;5;28m &amp;#27;[0m&amp;#27;[48;5;28m &amp;#27;[0m&amp;#27;[48;5;28m &amp;#27;[0m|&amp;#27;[48;5;28m &amp;#27;[0m&amp;#27;[48;5;28m &amp;#27;[0m&amp;#27;[48;5;28m &amp;#27;[0m&amp;#27;[48;5;28m &amp;#27;[0m&amp;#27;[48;5;28m &amp;#27;[0m|&amp;#27;[48;5;28m &amp;#27;[0m&amp;#27;[48;5;28m &amp;#27;[0m&amp;#27;[48;5;28m &amp;#27;[0m&amp;#27;[48;5;28m &amp;#27;[0m&amp;#27;[48;5;28m &amp;#27;[0m|&amp;#27;[48;5;28m &amp;#27;[0m&amp;#27;[48;5;28m &amp;#27;[0m&amp;#27;[48;5;28m &amp;#27;[0m&amp;#27;[48;5;28m &amp;#27;[0m&amp;#27;[48;5;28m &amp;#27;[0m|&amp;#27;[48;5;28m &amp;#27;[0m&amp;#27;[48;5;28m &amp;#27;[0m&amp;#27;[48;5;28m &amp;#27;[0m&amp;#27;[48;5;28m &amp;#27;[0m&amp;#27;[48;5;28m &amp;#27;[0m|&amp;#27;[48;5;28m &amp;#27;[0m&amp;#27;[48;5;28m &amp;#27;[0m&amp;#27;[48;5;28m &amp;#27;[0m&amp;#27;[48;5;28m &amp;#27;[0m&amp;#27;[48;5;28m &amp;#27;[0m|&amp;#27;[48;5;28m &amp;#27;[0m&amp;#27;[48;5;28m &amp;#27;[0m&amp;#27;[48;5;28m &amp;#27;[0m&amp;#27;[48;5;28m &amp;#27;[0m&amp;#27;[48;5;28m &amp;#27;[0m|&amp;#27;[48;5;28m &amp;#27;[0m&amp;#27;[48;5;28m &amp;#27;[0m&amp;#27;[48;5;28m &amp;#27;[0m&amp;#27;[48;5;28m &amp;#27;[0m&amp;#27;[48;5;28m &amp;#27;[0m|&amp;#27;[48;5;28m &amp;#27;[0m&amp;#27;[48;5;28m &amp;#27;[0m&amp;#27;[48;5;28m &amp;#27;[0m&amp;#27;[48;5;28m &amp;#27;[0m&amp;#27;[48;5;28m &amp;#27;[0m|&amp;#27;[48;5;28m &amp;#27;[0m&amp;#27;[48;5;28m &amp;#27;[0m&amp;#27;[48;5;28m &amp;#27;[0m&amp;#27;[48;5;28m &amp;#27;[0m&amp;#27;[48;5;28m &amp;#27;[0m|&amp;#27;[48;5;28m &amp;#27;[0m&amp;#27;[48;5;28m &amp;#27;[0m&amp;#27;[48;5;28m &amp;#27;[0m&amp;#27;[48;5;28m &amp;#27;[0m&amp;#27;[48;5;28m &amp;#27;[0m|&amp;#27;[48;5;28m &amp;#27;[0m&amp;#27;[48;5;28m &amp;#27;[0m&amp;#27;[48;5;28m &amp;#27;[0m&amp;#27;[48;5;28m &amp;#27;[0m&amp;#27;[48;5;28m &amp;#27;[0m|
|&amp;#27;[48;5;28m&amp;#27;[38;2;29;44;219m3&amp;#27;[0m&amp;#27;[48;5;28m&amp;#27;[38;2;29;44;219m3&amp;#27;[0m&amp;#27;[48;5;28m&amp;#27;[38;2;29;44;219m3&amp;#27;[0m&amp;#27;[48;5;28m&amp;#27;[38;2;29;44;219m3&amp;#27;[0m&amp;#27;[48;5;28m&amp;#27;[38;2;29;44;219m3&amp;#27;[0m|&amp;#27;[48;5;28mR&amp;#27;[0m&amp;#27;[48;5;28mR&amp;#27;[0m&amp;#27;[48;5;28mR&amp;#27;[0m&amp;#27;[48;5;28mR&amp;#27;[0m&amp;#27;[48;5;28mR&amp;#27;[0m|&amp;#27;[48;5;28m &amp;#27;[0m&amp;#27;[48;5;28m &amp;#27;[0m&amp;#27;[48;5;28m &amp;#27;[0m&amp;#27;[48;5;28m &amp;#27;[0m&amp;#27;[48;5;28m &amp;#27;[0m|&amp;#27;[48;5;28m &amp;#27;[0m&amp;#27;[48;5;28m &amp;#27;[0m&amp;#27;[48;5;28m &amp;#27;[0m&amp;#27;[48;5;28m &amp;#27;[0m&amp;#27;[48;5;28m &amp;#27;[0m|&amp;#27;[48;5;28m &amp;#27;[0m&amp;#27;[48;5;28m &amp;#27;[0m&amp;#27;[48;5;28m &amp;#27;[0m&amp;#27;[48;5;28m &amp;#27;[0m&amp;#27;[48;5;28m &amp;#27;[0m|&amp;#27;[48;5;28m &amp;#27;[0m&amp;#27;[48;5;28m &amp;#27;[0m&amp;#27;[48;5;28m &amp;#27;[0m&amp;#27;[48;5;28m &amp;#27;[0m&amp;#27;[48;5;28m &amp;#27;[0m|&amp;#27;[48;5;28m&amp;#27;[38;2;29;44;219m3&amp;#27;[0m&amp;#27;[48;5;28m&amp;#27;[38;2;29;44;219m3&amp;#27;[0m&amp;#27;[48;5;28m&amp;#27;[38;2;29;44;219m3&amp;#27;[0m&amp;#27;[48;5;28m&amp;#27;[38;2;29;44;219m3&amp;#27;[0m&amp;#27;[48;5;28m&amp;#27;[38;2;29;44;219m3&amp;#27;[0m|&amp;#27;[48;5;28m &amp;#27;[0m&amp;#27;[48;5;28m &amp;#27;[0m&amp;#27;[48;5;28m &amp;#27;[0m&amp;#27;[48;5;28m &amp;#27;[0m&amp;#27;[48;5;28m &amp;#27;[0m|&amp;#27;[48;5;28m &amp;#27;[0m&amp;#27;[48;5;28m &amp;#27;[0m&amp;#27;[48;5;28m &amp;#27;[0m&amp;#27;[48;5;28m &amp;#27;[0m&amp;#27;[48;5;28m &amp;#27;[0m|&amp;#27;[48;5;28m &amp;#27;[0m&amp;#27;[48;5;28m &amp;#27;[0m&amp;#27;[48;5;28m &amp;#27;[0m&amp;#27;[48;5;28m &amp;#27;[0m&amp;#27;[48;5;28m &amp;#27;[0m|&amp;#27;[48;5;28m &amp;#27;[0m&amp;#27;[48;5;28m &amp;#27;[0m&amp;#27;[48;5;28m &amp;#27;[0m&amp;#27;[48;5;28m &amp;#27;[0m&amp;#27;[48;5;28m &amp;#27;[0m|&amp;#27;[48;5;28m &amp;#27;[0m&amp;#27;[48;5;28m &amp;#27;[0m&amp;#27;[48;5;28m &amp;#27;[0m&amp;#27;[48;5;28m &amp;#27;[0m&amp;#27;[48;5;28m &amp;#27;[0m|&amp;#27;[48;5;28m &amp;#27;[0m&amp;#27;[48;5;28m &amp;#27;[0m&amp;#27;[48;5;28m &amp;#27;[0m&amp;#27;[48;5;28m &amp;#27;[0m&amp;#27;[48;5;28m &amp;#27;[0m|&amp;#27;[48;5;28m &amp;#27;[0m&amp;#27;[48;5;28m &amp;#27;[0m&amp;#27;[48;5;28m &amp;#27;[0m&amp;#27;[48;5;28m &amp;#27;[0m&amp;#27;[48;5;28m &amp;#27;[0m|&amp;#27;[48;5;28m &amp;#27;[0m&amp;#27;[48;5;28m &amp;#27;[0m&amp;#27;[48;5;28m &amp;#27;[0m&amp;#27;[48;5;28m &amp;#27;[0m&amp;#27;[48;5;28m &amp;#27;[0m|&amp;#27;[48;5;28m &amp;#27;[0m&amp;#27;[48;5;28m &amp;#27;[0m&amp;#27;[48;5;28m &amp;#27;[0m&amp;#27;[48;5;28m &amp;#27;[0m&amp;#27;[48;5;28m &amp;#27;[0m|&amp;#27;[48;5;28m &amp;#27;[0m&amp;#27;[48;5;28m &amp;#27;[0m&amp;#27;[48;5;28m &amp;#27;[0m&amp;#27;[48;5;28m &amp;#27;[0m&amp;#27;[48;5;28m &amp;#27;[0m|&amp;#27;[48;5;28m &amp;#27;[0m&amp;#27;[48;5;28m &amp;#27;[0m&amp;#27;[48;5;28m &amp;#27;[0m&amp;#27;[48;5;28m &amp;#27;[0m&amp;#27;[48;5;28m &amp;#27;[0m|&amp;#27;[48;5;28m &amp;#27;[0m&amp;#27;[48;5;28m &amp;#27;[0m&amp;#27;[48;5;28m &amp;#27;[0m&amp;#27;[48;5;28m &amp;#27;[0m&amp;#27;[48;5;28m &amp;#27;[0m|
-------------------------------------------------------------------------------------------------------------------
|&amp;#27;[48;5;28m&amp;#27;[38;2;29;44;219m3&amp;#27;[0m&amp;#27;[48;5;28m&amp;#27;[38;2;29;44;219m3&amp;#27;[0m&amp;#27;[48;5;28m&amp;#27;[38;2;29;44;219m3&amp;#27;[0m&amp;#27;[48;5;28m&amp;#27;[38;2;29;44;219m3&amp;#27;[0m&amp;#27;[48;5;28m&amp;#27;[38;2;29;44;219m3&amp;#27;[0m|&amp;#27;[48;5;28m &amp;#27;[0m&amp;#27;[48;5;28m &amp;#27;[0m&amp;#27;[48;5;28m &amp;#27;[0m&amp;#27;[48;5;28m &amp;#27;[0m&amp;#27;[48;5;28m &amp;#27;[0m|&amp;#27;[48;5;28m &amp;#27;[0m&amp;#27;[48;5;28m &amp;#27;[0m&amp;#27;[48;5;28m &amp;#27;[0m&amp;#27;[48;5;28m &amp;#27;[0m&amp;#27;[48;5;28m &amp;#27;[0m|&amp;#27;[48;5;28m &amp;#27;[0m&amp;#27;[48;5;28m &amp;#27;[0m&amp;#27;[48;5;28m &amp;#27;[0m&amp;#27;[48;5;28m &amp;#27;[0m&amp;#27;[48;5;28m &amp;#27;[0m|&amp;#27;[48;5;28m &amp;#27;[0m&amp;#27;[48;5;28m &amp;#27;[0m&amp;#27;[48;5;28m &amp;#27;[0m&amp;#27;[48;5;28m &amp;#27;[0m&amp;#27;[48;5;28m &amp;#27;[0m|&amp;#27;[48;5;28m &amp;#27;[0m&amp;#27;[48;5;28m &amp;#27;[0m&amp;#27;[48;5;28m &amp;#27;[0m&amp;#27;[48;5;28m &amp;#27;[0m&amp;#27;[48;5;28m &amp;#27;[0m|&amp;#27;[48;5;28m&amp;#27;[38;2;29;44;219m3&amp;#27;[0m&amp;#27;[48;5;28m&amp;#27;[38;2;29;44;219m3&amp;#27;[0m&amp;#27;[48;5;28m&amp;#27;[38;2;29;44;219m3&amp;#27;[0m&amp;#27;[48;5;28m&amp;#27;[38;2;29;44;219m3&amp;#27;[0m&amp;#27;[48;5;28m&amp;#27;[38;2;29;44;219m3&amp;#27;[0m|&amp;#27;[48;5;28m &amp;#27;[0m&amp;#27;[48;5;28m &amp;#27;[0m&amp;#27;[48;5;28m &amp;#27;[0m&amp;#27;[48;5;28m &amp;#27;[0m&amp;#27;[48;5;28m &amp;#27;[0m|&amp;#27;[48;5;28m &amp;#27;[0m&amp;#27;[48;5;28m &amp;#27;[0m&amp;#27;[48;5;28m &amp;#27;[0m&amp;#27;[48;5;28m &amp;#27;[0m&amp;#27;[48;5;28m &amp;#27;[0m|&amp;#27;[48;5;28m &amp;#27;[0m&amp;#27;[48;5;28m &amp;#27;[0m&amp;#27;[48;5;28m &amp;#27;[0m&amp;#27;[48;5;28m &amp;#27;[0m&amp;#27;[48;5;28m &amp;#27;[0m|&amp;#27;[48;5;28m &amp;#27;[0m&amp;#27;[48;5;28m &amp;#27;[0m&amp;#27;[48;5;28m &amp;#27;[0m&amp;#27;[48;5;28m &amp;#27;[0m&amp;#27;[48;5;28m &amp;#27;[0m|&amp;#27;[48;5;28m &amp;#27;[0m&amp;#27;[48;5;28m &amp;#27;[0m&amp;#27;[48;5;28m &amp;#27;[0m&amp;#27;[48;5;28m &amp;#27;[0m&amp;#27;[48;5;28m &amp;#27;[0m|&amp;#27;[48;5;28m &amp;#27;[0m&amp;#27;[48;5;28m &amp;#27;[0m&amp;#27;[48;5;28m &amp;#27;[0m&amp;#27;[48;5;28m &amp;#27;[0m&amp;#27;[48;5;28m &amp;#27;[0m|&amp;#27;[48;5;28m &amp;#27;[0m&amp;#27;[48;5;28m &amp;#27;[0m&amp;#27;[48;5;28m &amp;#27;[0m&amp;#27;[48;5;28m &amp;#27;[0m&amp;#27;[48;5;28m &amp;#27;[0m|&amp;#27;[48;5;28m &amp;#27;[0m&amp;#27;[48;5;28m &amp;#27;[0m&amp;#27;[48;5;28m &amp;#27;[0m&amp;#27;[48;5;28m &amp;#27;[0m&amp;#27;[48;5;28m &amp;#27;[0m|&amp;#27;[48;5;28m &amp;#27;[0m&amp;#27;[48;5;28m &amp;#27;[0m&amp;#27;[48;5;28m &amp;#27;[0m&amp;#27;[48;5;28m &amp;#27;[0m&amp;#27;[48;5;28m &amp;#27;[0m|&amp;#27;[48;5;28m &amp;#27;[0m&amp;#27;[48;5;28m &amp;#27;[0m&amp;#27;[48;5;28m &amp;#27;[0m&amp;#27;[48;5;28m &amp;#27;[0m&amp;#27;[48;5;28m &amp;#27;[0m|&amp;#27;[48;5;28m &amp;#27;[0m&amp;#27;[48;5;28m &amp;#27;[0m&amp;#27;[48;5;28m &amp;#27;[0m&amp;#27;[48;5;28m &amp;#27;[0m&amp;#27;[48;5;28m &amp;#27;[0m|&amp;#27;[48;5;28m &amp;#27;[0m&amp;#27;[48;5;28m &amp;#27;[0m&amp;#27;[48;5;28m &amp;#27;[0m&amp;#27;[48;5;28m &amp;#27;[0m&amp;#27;[48;5;28m &amp;#27;[0m|
|&amp;#27;[48;5;28m&amp;#27;[38;2;29;44;219m3&amp;#27;[0m&amp;#27;[48;5;28m&amp;#27;[38;2;29;44;219m3&amp;#27;[0m&amp;#27;[48;5;28m&amp;#27;[38;2;29;44;219m3&amp;#27;[0m&amp;#27;[48;5;28m&amp;#27;[38;2;29;44;219m3&amp;#27;[0m&amp;#27;[48;5;28m&amp;#27;[38;2;29;44;219m3&amp;#27;[0m|&amp;#27;[48;5;28m &amp;#27;[0m&amp;#27;[48;5;28m &amp;#27;[0m&amp;#27;[48;5;28m &amp;#27;[0m&amp;#27;[48;5;28m &amp;#27;[0m&amp;#27;[48;5;28m &amp;#27;[0m|&amp;#27;[48;5;28m &amp;#27;[0m&amp;#27;[48;5;28m &amp;#27;[0m&amp;#27;[48;5;28m &amp;#27;[0m&amp;#27;[48;5;28m &amp;#27;[0m&amp;#27;[48;5;28m &amp;#27;[0m|&amp;#27;[48;5;28m &amp;#27;[0m&amp;#27;[48;5;28m &amp;#27;[0m&amp;#27;[48;5;28m &amp;#27;[0m&amp;#27;[48;5;28m &amp;#27;[0m&amp;#27;[48;5;28m &amp;#27;[0m|&amp;#27;[48;5;28m &amp;#27;[0m&amp;#27;[48;5;28m &amp;#27;[0m&amp;#27;[48;5;28m &amp;#27;[0m&amp;#27;[48;5;28m &amp;#27;[0m&amp;#27;[48;5;28m &amp;#27;[0m|&amp;#27;[48;5;28m &amp;#27;[0m&amp;#27;[48;5;28m &amp;#27;[0m&amp;#27;[48;5;28m &amp;#27;[0m&amp;#27;[48;5;28m &amp;#27;[0m&amp;#27;[48;5;28m &amp;#27;[0m|&amp;#27;[48;5;28m&amp;#27;[38;2;29;44;219m3&amp;#27;[0m&amp;#27;[48;5;28m&amp;#27;[38;2;29;44;219m3&amp;#27;[0m&amp;#27;[48;5;28m&amp;#27;[38;2;29;44;219m3&amp;#27;[0m&amp;#27;[48;5;28m&amp;#27;[38;2;29;44;219m3&amp;#27;[0m&amp;#27;[48;5;28m&amp;#27;[38;2;29;44;219m3&amp;#27;[0m|&amp;#27;[48;5;28m &amp;#27;[0m&amp;#27;[48;5;28m &amp;#27;[0m&amp;#27;[48;5;28m &amp;#27;[0m&amp;#27;[48;5;28m &amp;#27;[0m&amp;#27;[48;5;28m &amp;#27;[0m|&amp;#27;[48;5;28m &amp;#27;[0m&amp;#27;[48;5;28m &amp;#27;[0m&amp;#27;[48;5;28m &amp;#27;[0m&amp;#27;[48;5;28m &amp;#27;[0m&amp;#27;[48;5;28m &amp;#27;[0m|&amp;#27;[48;5;28m &amp;#27;[0m&amp;#27;[48;5;28m &amp;#27;[0m&amp;#27;[48;5;28m &amp;#27;[0m&amp;#27;[48;5;28m &amp;#27;[0m&amp;#27;[48;5;28m &amp;#27;[0m|&amp;#27;[48;5;28m &amp;#27;[0m&amp;#27;[48;5;28m &amp;#27;[0m&amp;#27;[48;5;28m &amp;#27;[0m&amp;#27;[48;5;28m &amp;#27;[0m&amp;#27;[48;5;28m &amp;#27;[0m|&amp;#27;[48;5;28m &amp;#27;[0m&amp;#27;[48;5;28m &amp;#27;[0m&amp;#27;[48;5;28m &amp;#27;[0m&amp;#27;[48;5;28m &amp;#27;[0m&amp;#27;[48;5;28m &amp;#27;[0m|&amp;#27;[48;5;28m &amp;#27;[0m&amp;#27;[48;5;28m &amp;#27;[0m&amp;#27;[48;5;28m &amp;#27;[0m&amp;#27;[48;5;28m &amp;#27;[0m&amp;#27;[48;5;28m &amp;#27;[0m|&amp;#27;[48;5;28m &amp;#27;[0m&amp;#27;[48;5;28m &amp;#27;[0m&amp;#27;[48;5;28m &amp;#27;[0m&amp;#27;[48;5;28m &amp;#27;[0m&amp;#27;[48;5;28m &amp;#27;[0m|&amp;#27;[48;5;28m &amp;#27;[0m&amp;#27;[48;5;28m &amp;#27;[0m&amp;#27;[48;5;28m &amp;#27;[0m&amp;#27;[48;5;28m &amp;#27;[0m&amp;#27;[48;5;28m &amp;#27;[0m|&amp;#27;[48;5;28m &amp;#27;[0m&amp;#27;[48;5;28m &amp;#27;[0m&amp;#27;[48;5;28m &amp;#27;[0m&amp;#27;[48;5;28m &amp;#27;[0m&amp;#27;[48;5;28m &amp;#27;[0m|&amp;#27;[48;5;28m &amp;#27;[0m&amp;#27;[48;5;28m &amp;#27;[0m&amp;#27;[48;5;28m &amp;#27;[0m&amp;#27;[48;5;28m &amp;#27;[0m&amp;#27;[48;5;28m &amp;#27;[0m|&amp;#27;[48;5;28m &amp;#27;[0m&amp;#27;[48;5;28m &amp;#27;[0m&amp;#27;[48;5;28m &amp;#27;[0m&amp;#27;[48;5;28m &amp;#27;[0m&amp;#27;[48;5;28m &amp;#27;[0m|&amp;#27;[48;5;28m &amp;#27;[0m&amp;#27;[48;5;28m &amp;#27;[0m&amp;#27;[48;5;28m &amp;#27;[0m&amp;#27;[48;5;28m &amp;#27;[0m&amp;#27;[48;5;28m &amp;#27;[0m|
-------------------------------------------------------------------------------------------------------------------
|&amp;#27;[48;5;28m&amp;#27;[38;2;29;44;219m3&amp;#27;[0m&amp;#27;[48;5;28m&amp;#27;[38;2;29;44;219m3&amp;#27;[0m&amp;#27;[48;5;28m&amp;#27;[38;2;29;44;219m3&amp;#27;[0m&amp;#27;[48;5;28m&amp;#27;[38;2;29;44;219m3&amp;#27;[0m&amp;#27;[48;5;28m&amp;#27;[38;2;29;44;219m3&amp;#27;[0m|&amp;#27;[48;5;28m&amp;#27;[38;2;29;44;219m3&amp;#27;[0m&amp;#27;[48;5;28m&amp;#27;[38;2;29;44;219m3&amp;#27;[0m&amp;#27;[48;5;28m&amp;#27;[38;2;29;44;219m3&amp;#27;[0m&amp;#27;[48;5;28m&amp;#27;[38;2;29;44;219m3&amp;#27;[0m&amp;#27;[48;5;28m&amp;#27;[38;2;29;44;219m3&amp;#27;[0m|&amp;#27;[48;5;28m&amp;#27;[38;2;29;44;219m3&amp;#27;[0m&amp;#27;[48;5;28m&amp;#27;[38;2;29;44;219m3&amp;#27;[0m&amp;#27;[48;5;28m&amp;#27;[38;2;29;44;219m3&amp;#27;[0m&amp;#27;[48;5;28m&amp;#27;[38;2;29;44;219m3&amp;#27;[0m&amp;#27;[48;5;28m&amp;#27;[38;2;29;44;219m3&amp;#27;[0m|&amp;#27;[48;5;28m&amp;#27;[38;2;29;44;219m3&amp;#27;[0m&amp;#27;[48;5;28m&amp;#27;[38;2;29;44;219m3&amp;#27;[0m&amp;#27;[48;5;28m&amp;#27;[38;2;29;44;219m3&amp;#27;[0m&amp;#27;[48;5;28m&amp;#27;[38;2;29;44;219m3&amp;#27;[0m&amp;#27;[48;5;28m&amp;#27;[38;2;29;44;219m3&amp;#27;[0m|&amp;#27;[48;5;28m&amp;#27;[38;2;29;44;219m3&amp;#27;[0m&amp;#27;[48;5;28m&amp;#27;[38;2;29;44;219m3&amp;#27;[0m&amp;#27;[48;5;28m&amp;#27;[38;2;29;44;219m3&amp;#27;[0m&amp;#27;[48;5;28m&amp;#27;[38;2;29;44;219m3&amp;#27;[0m&amp;#27;[48;5;28m&amp;#27;[38;2;29;44;219m3&amp;#27;[0m|&amp;#27;[48;5;28m&amp;#27;[38;2;29;44;219m3&amp;#27;[0m&amp;#27;[48;5;28m&amp;#27;[38;2;29;44;219m3&amp;#27;[0m&amp;#27;[48;5;28m&amp;#27;[38;2;29;44;219m3&amp;#27;[0m&amp;#27;[48;5;28m&amp;#27;[38;2;29;44;219m3&amp;#27;[0m&amp;#27;[48;5;28m&amp;#27;[38;2;29;44;219m3&amp;#27;[0m|&amp;#27;[48;5;28m&amp;#27;[38;2;29;44;219m3&amp;#27;[0m&amp;#27;[48;5;28m&amp;#27;[38;2;29;44;219m3&amp;#27;[0m&amp;#27;[48;5;28m&amp;#27;[38;2;29;44;219m3&amp;#27;[0m&amp;#27;[48;5;28m&amp;#27;[38;2;29;44;219m3&amp;#27;[0m&amp;#27;[48;5;28m&amp;#27;[38;2;29;44;219m3&amp;#27;[0m|&amp;#27;[48;5;28m &amp;#27;[0m&amp;#27;[48;5;28m &amp;#27;[0m&amp;#27;[48;5;28m &amp;#27;[0m&amp;#27;[48;5;28m &amp;#27;[0m&amp;#27;[48;5;28m &amp;#27;[0m|&amp;#27;[48;5;28m &amp;#27;[0m&amp;#27;[48;5;28m &amp;#27;[0m&amp;#27;[48;5;28m &amp;#27;[0m&amp;#27;[48;5;28m &amp;#27;[0m&amp;#27;[48;5;28m &amp;#27;[0m|&amp;#27;[48;5;28m &amp;#27;[0m&amp;#27;[48;5;28m &amp;#27;[0m&amp;#27;[48;5;28m &amp;#27;[0m&amp;#27;[48;5;28m &amp;#27;[0m&amp;#27;[48;5;28m &amp;#27;[0m|&amp;#27;[48;5;28m &amp;#27;[0m&amp;#27;[48;5;28m &amp;#27;[0m&amp;#27;[48;5;28m &amp;#27;[0m&amp;#27;[48;5;28m &amp;#27;[0m&amp;#27;[48;5;28m &amp;#27;[0m|&amp;#27;[48;5;28m &amp;#27;[0m&amp;#27;[48;5;28m &amp;#27;[0m&amp;#27;[48;5;28m &amp;#27;[0m&amp;#27;[48;5;28m &amp;#27;[0m&amp;#27;[48;5;28m &amp;#27;[0m|&amp;#27;[48;5;28m&amp;#27;[38;2;219;37;37ma&amp;#27;[0m&amp;#27;[48;5;28m&amp;#27;[38;2;219;37;37ma&amp;#27;[0m&amp;#27;[48;5;28m&amp;#27;[38;2;219;37;37ma&amp;#27;[0m&amp;#27;[48;5;28m&amp;#27;[38;2;219;37;37ma&amp;#27;[0m&amp;#27;[48;5;28m&amp;#27;[38;2;219;37;37ma&amp;#27;[0m|&amp;#27;[48;5;28m &amp;#27;[0m&amp;#27;[48;5;28m &amp;#27;[0m&amp;#27;[48;5;28m &amp;#27;[0m&amp;#27;[48;5;28m &amp;#27;[0m&amp;#27;[48;5;28m &amp;#27;[0m|&amp;#27;[48;5;28m &amp;#27;[0m&amp;#27;[48;5;28m &amp;#27;[0m&amp;#27;[48;5;28m &amp;#27;[0m&amp;#27;[48;5;28m &amp;#27;[0m&amp;#27;[48;5;28m &amp;#27;[0m|&amp;#27;[48;5;28m &amp;#27;[0m&amp;#27;[48;5;28m &amp;#27;[0m&amp;#27;[48;5;28m &amp;#27;[0m&amp;#27;[48;5;28m &amp;#27;[0m&amp;#27;[48;5;28m &amp;#27;[0m|&amp;#27;[48;5;28m &amp;#27;[0m&amp;#27;[48;5;28m &amp;#27;[0m&amp;#27;[48;5;28m &amp;#27;[0m&amp;#27;[48;5;28m &amp;#27;[0m&amp;#27;[48;5;28m &amp;#27;[0m|&amp;#27;[48;5;28m &amp;#27;[0m&amp;#27;[48;5;28m &amp;#27;[0m&amp;#27;[48;5;28m &amp;#27;[0m&amp;#27;[48;5;28m &amp;#27;[0m&amp;#27;[48;5;28m &amp;#27;[0m|&amp;#27;[48;5;28m &amp;#27;[0m&amp;#27;[48;5;28m &amp;#27;[0m&amp;#27;[48;5;28m &amp;#27;[0m&amp;#27;[48;5;28m &amp;#27;[0m&amp;#27;[48;5;28m &amp;#27;[0m|
|&amp;#27;[48;5;28m&amp;#27;[38;2;29;44;219m3&amp;#27;[0m&amp;#27;[48;5;28m&amp;#27;[38;2;29;44;219m3&amp;#27;[0m&amp;#27;[48;5;28m&amp;#27;[38;2;29;44;219m3&amp;#27;[0m&amp;#27;[48;5;28m&amp;#27;[38;2;29;44;219m3&amp;#27;[0m&amp;#27;[48;5;28m&amp;#27;[38;2;29;44;219m3&amp;#27;[0m|&amp;#27;[48;5;28m&amp;#27;[38;2;29;44;219m3&amp;#27;[0m&amp;#27;[48;5;28m&amp;#27;[38;2;29;44;219m3&amp;#27;[0m&amp;#27;[48;5;28m&amp;#27;[38;2;29;44;219m3&amp;#27;[0m&amp;#27;[48;5;28m&amp;#27;[38;2;29;44;219m3&amp;#27;[0m&amp;#27;[48;5;28m&amp;#27;[38;2;29;44;219m3&amp;#27;[0m|&amp;#27;[48;5;28m&amp;#27;[38;2;29;44;219m3&amp;#27;[0m&amp;#27;[48;5;28m&amp;#27;[38;2;29;44;219m3&amp;#27;[0m&amp;#27;[48;5;28m&amp;#27;[38;2;29;44;219m3&amp;#27;[0m&amp;#27;[48;5;28m&amp;#27;[38;2;29;44;219m3&amp;#27;[0m&amp;#27;[48;5;28m&amp;#27;[38;2;29;44;219m3&amp;#27;[0m|&amp;#27;[48;5;28m&amp;#27;[38;2;29;44;219m3&amp;#27;[0m&amp;#27;[48;5;28m&amp;#27;[38;2;29;44;219m3&amp;#27;[0m&amp;#27;[48;5;28m&amp;#27;[38;2;29;44;219m3&amp;#27;[0m&amp;#27;[48;5;28m&amp;#27;[38;2;29;44;219m3&amp;#27;[0m&amp;#27;[48;5;28m&amp;#27;[38;2;29;44;219m3&amp;#27;[0m|&amp;#27;[48;5;28m&amp;#27;[38;2;29;44;219m3&amp;#27;[0m&amp;#27;[48;5;28m&amp;#27;[38;2;29;44;219m3&amp;#27;[0m&amp;#27;[48;5;28m&amp;#27;[38;2;29;44;219m3&amp;#27;[0m&amp;#27;[48;5;28m&amp;#27;[38;2;29;44;219m3&amp;#27;[0m&amp;#27;[48;5;28m&amp;#27;[38;2;29;44;219m3&amp;#27;[0m|&amp;#27;[48;5;28m&amp;#27;[38;2;29;44;219m3&amp;#27;[0m&amp;#27;[48;5;28m&amp;#27;[38;2;29;44;219m3&amp;#27;[0m&amp;#27;[48;5;28m&amp;#27;[38;2;29;44;219m3&amp;#27;[0m&amp;#27;[48;5;28m&amp;#27;[38;2;29;44;219m3&amp;#27;[0m&amp;#27;[48;5;28m&amp;#27;[38;2;29;44;219m3&amp;#27;[0m|&amp;#27;[48;5;28m&amp;#27;[38;2;29;44;219m3&amp;#27;[0m&amp;#27;[48;5;28m&amp;#27;[38;2;29;44;219m3&amp;#27;[0m&amp;#27;[48;5;28m&amp;#27;[38;2;29;44;219m3&amp;#27;[0m&amp;#27;[48;5;28m&amp;#27;[38;2;29;44;219m3&amp;#27;[0m&amp;#27;[48;5;28m&amp;#27;[38;2;29;44;219m3&amp;#27;[0m|&amp;#27;[48;5;28m &amp;#27;[0m&amp;#27;[48;5;28m &amp;#27;[0m&amp;#27;[48;5;28m &amp;#27;[0m&amp;#27;[48;5;28m &amp;#27;[0m&amp;#27;[48;5;28m &amp;#27;[0m|&amp;#27;[48;5;28m &amp;#27;[0m&amp;#27;[48;5;28m &amp;#27;[0m&amp;#27;[48;5;28m &amp;#27;[0m&amp;#27;[48;5;28m &amp;#27;[0m&amp;#27;[48;5;28m &amp;#27;[0m|&amp;#27;[48;5;28m &amp;#27;[0m&amp;#27;[48;5;28m &amp;#27;[0m&amp;#27;[48;5;28m &amp;#27;[0m&amp;#27;[48;5;28m &amp;#27;[0m&amp;#27;[48;5;28m &amp;#27;[0m|&amp;#27;[48;5;28m &amp;#27;[0m&amp;#27;[48;5;28m &amp;#27;[0m&amp;#27;[48;5;28m &amp;#27;[0m&amp;#27;[48;5;28m &amp;#27;[0m&amp;#27;[48;5;28m &amp;#27;[0m|&amp;#27;[48;5;28m &amp;#27;[0m&amp;#27;[48;5;28m &amp;#27;[0m&amp;#27;[48;5;28m &amp;#27;[0m&amp;#27;[48;5;28m &amp;#27;[0m&amp;#27;[48;5;28m &amp;#27;[0m|&amp;#27;[48;5;28m&amp;#27;[38;2;219;37;37ma&amp;#27;[0m&amp;#27;[48;5;28m&amp;#27;[38;2;219;37;37ma&amp;#27;[0m&amp;#27;[48;5;28m&amp;#27;[38;2;219;37;37ma&amp;#27;[0m&amp;#27;[48;5;28m&amp;#27;[38;2;219;37;37ma&amp;#27;[0m&amp;#27;[48;5;28m&amp;#27;[38;2;219;37;37ma&amp;#27;[0m|&amp;#27;[48;5;28m &amp;#27;[0m&amp;#27;[48;5;28m &amp;#27;[0m&amp;#27;[48;5;28m &amp;#27;[0m&amp;#27;[48;5;28m &amp;#27;[0m&amp;#27;[48;5;28m &amp;#27;[0m|&amp;#27;[48;5;28m &amp;#27;[0m&amp;#27;[48;5;28m &amp;#27;[0m&amp;#27;[48;5;28m &amp;#27;[0m&amp;#27;[48;5;28m &amp;#27;[0m&amp;#27;[48;5;28m &amp;#27;[0m|&amp;#27;[48;5;28m &amp;#27;[0m&amp;#27;[48;5;28m &amp;#27;[0m&amp;#27;[48;5;28m &amp;#27;[0m&amp;#27;[48;5;28m &amp;#27;[0m&amp;#27;[48;5;28m &amp;#27;[0m|&amp;#27;[48;5;28m &amp;#27;[0m&amp;#27;[48;5;28m &amp;#27;[0m&amp;#27;[48;5;28m &amp;#27;[0m&amp;#27;[48;5;28m &amp;#27;[0m&amp;#27;[48;5;28m &amp;#27;[0m|&amp;#27;[48;5;28m &amp;#27;[0m&amp;#27;[48;5;28m &amp;#27;[0m&amp;#27;[48;5;28m &amp;#27;[0m&amp;#27;[48;5;28m &amp;#27;[0m&amp;#27;[48;5;28m &amp;#27;[0m|&amp;#27;[48;5;28m &amp;#27;[0m&amp;#27;[48;5;28m &amp;#27;[0m&amp;#27;[48;5;28m &amp;#27;[0m&amp;#27;[48;5;28m &amp;#27;[0m&amp;#27;[48;5;28m &amp;#27;[0m|
-------------------------------------------------------------------------------------------------------------------
this tool is not yours!
</system-out>
  </testcase>
  <testcase classname="AttackAndMoveTest" name="movePatrolOfUnit" time="0.03">
    <error message="Cannot invoke &quot;java.lang.Integer.intValue()&quot; because the return value of &quot;java.util.HashMap.get(Object)&quot; is null" type="java.lang.NullPointerException">java.lang.NullPointerException: Cannot invoke &quot;java.lang.Integer.intValue()&quot; because the return value of &quot;java.util.HashMap.get(Object)&quot; is null
	at controller.GameController.showMap(GameController.java:709)
	at AttackAndMoveTest.movePatrolOfUnit(AttackAndMoveTest.java:30)
	at java.base/jdk.internal.reflect.DirectMethodHandleAccessor.invoke(DirectMethodHandleAccessor.java:104)
	at java.base/java.lang.reflect.Method.invoke(Method.java:578)
	at org.junit.runners.model.FrameworkMethod$1.runReflectiveCall(FrameworkMethod.java:59)
	at org.junit.internal.runners.model.ReflectiveCallable.run(ReflectiveCallable.java:12)
	at org.junit.runners.model.FrameworkMethod.invokeExplosively(FrameworkMethod.java:56)
	at org.junit.internal.runners.statements.InvokeMethod.evaluate(InvokeMethod.java:17)
	at org.junit.runners.ParentRunner$3.evaluate(ParentRunner.java:306)
	at org.junit.runners.BlockJUnit4ClassRunner$1.evaluate(BlockJUnit4ClassRunner.java:100)
	at org.junit.runners.ParentRunner.runLeaf(ParentRunner.java:366)
	at org.junit.runners.BlockJUnit4ClassRunner.runChild(BlockJUnit4ClassRunner.java:103)
	at org.junit.runners.BlockJUnit4ClassRunner.runChild(BlockJUnit4ClassRunner.java:63)
	at org.junit.runners.ParentRunner$4.run(ParentRunner.java:331)
	at org.junit.runners.ParentRunner$1.schedule(ParentRunner.java:79)
	at org.junit.runners.ParentRunner.runChildren(ParentRunner.java:329)
	at org.junit.runners.ParentRunner.access$100(ParentRunner.java:66)
	at org.junit.runners.ParentRunner$2.evaluate(ParentRunner.java:293)
	at org.junit.runners.ParentRunner$3.evaluate(ParentRunner.java:306)
	at org.junit.runners.ParentRunner.run(ParentRunner.java:413)
	at org.apache.maven.surefire.junit4.JUnit4Provider.execute(JUnit4Provider.java:252)
	at org.apache.maven.surefire.junit4.JUnit4Provider.executeTestSet(JUnit4Provider.java:141)
	at org.apache.maven.surefire.junit4.JUnit4Provider.invoke(JUnit4Provider.java:112)
	at java.base/jdk.internal.reflect.DirectMethodHandleAccessor.invoke(DirectMethodHandleAccessor.java:104)
	at java.base/java.lang.reflect.Method.invoke(Method.java:578)
	at org.apache.maven.surefire.util.ReflectionUtils.invokeMethodWithArray(ReflectionUtils.java:189)
	at org.apache.maven.surefire.booter.ProviderFactory$ProviderProxy.invoke(ProviderFactory.java:165)
	at org.apache.maven.surefire.booter.ProviderFactory.invokeProvider(ProviderFactory.java:85)
	at org.apache.maven.surefire.booter.ForkedBooter.runSuitesInProcess(ForkedBooter.java:115)
	at org.apache.maven.surefire.booter.ForkedBooter.main(ForkedBooter.java:75)
</error>
  </testcase>
  <testcase classname="AttackAndMoveTest" name="attackAirAttackOfUnit" time="0.041">
    <error message="Cannot invoke &quot;java.lang.Integer.intValue()&quot; because the return value of &quot;java.util.HashMap.get(Object)&quot; is null" type="java.lang.NullPointerException">java.lang.NullPointerException: Cannot invoke &quot;java.lang.Integer.intValue()&quot; because the return value of &quot;java.util.HashMap.get(Object)&quot; is null
	at controller.GameController.showMap(GameController.java:709)
	at AttackAndMoveTest.attackAirAttackOfUnit(AttackAndMoveTest.java:62)
	at java.base/jdk.internal.reflect.DirectMethodHandleAccessor.invoke(DirectMethodHandleAccessor.java:104)
	at java.base/java.lang.reflect.Method.invoke(Method.java:578)
	at org.junit.runners.model.FrameworkMethod$1.runReflectiveCall(FrameworkMethod.java:59)
	at org.junit.internal.runners.model.ReflectiveCallable.run(ReflectiveCallable.java:12)
	at org.junit.runners.model.FrameworkMethod.invokeExplosively(FrameworkMethod.java:56)
	at org.junit.internal.runners.statements.InvokeMethod.evaluate(InvokeMethod.java:17)
	at org.junit.runners.ParentRunner$3.evaluate(ParentRunner.java:306)
	at org.junit.runners.BlockJUnit4ClassRunner$1.evaluate(BlockJUnit4ClassRunner.java:100)
	at org.junit.runners.ParentRunner.runLeaf(ParentRunner.java:366)
	at org.junit.runners.BlockJUnit4ClassRunner.runChild(BlockJUnit4ClassRunner.java:103)
	at org.junit.runners.BlockJUnit4ClassRunner.runChild(BlockJUnit4ClassRunner.java:63)
	at org.junit.runners.ParentRunner$4.run(ParentRunner.java:331)
	at org.junit.runners.ParentRunner$1.schedule(ParentRunner.java:79)
	at org.junit.runners.ParentRunner.runChildren(ParentRunner.java:329)
	at org.junit.runners.ParentRunner.access$100(ParentRunner.java:66)
	at org.junit.runners.ParentRunner$2.evaluate(ParentRunner.java:293)
	at org.junit.runners.ParentRunner$3.evaluate(ParentRunner.java:306)
	at org.junit.runners.ParentRunner.run(ParentRunner.java:413)
	at org.apache.maven.surefire.junit4.JUnit4Provider.execute(JUnit4Provider.java:252)
	at org.apache.maven.surefire.junit4.JUnit4Provider.executeTestSet(JUnit4Provider.java:141)
	at org.apache.maven.surefire.junit4.JUnit4Provider.invoke(JUnit4Provider.java:112)
	at java.base/jdk.internal.reflect.DirectMethodHandleAccessor.invoke(DirectMethodHandleAccessor.java:104)
	at java.base/java.lang.reflect.Method.invoke(Method.java:578)
	at org.apache.maven.surefire.util.ReflectionUtils.invokeMethodWithArray(ReflectionUtils.java:189)
	at org.apache.maven.surefire.booter.ProviderFactory$ProviderProxy.invoke(ProviderFactory.java:165)
	at org.apache.maven.surefire.booter.ProviderFactory.invokeProvider(ProviderFactory.java:85)
	at org.apache.maven.surefire.booter.ForkedBooter.runSuitesInProcess(ForkedBooter.java:115)
	at org.apache.maven.surefire.booter.ForkedBooter.main(ForkedBooter.java:75)
</error>
  </testcase>
  <testcase classname="AttackAndMoveTest" name="attackUnitToToolTest" time="0.042">
    <error message="Cannot invoke &quot;model.activity.Move.moveOneTurn()&quot; because the return value of &quot;model.human.military.Military.getMove()&quot; is null" type="java.lang.NullPointerException">java.lang.NullPointerException: Cannot invoke &quot;model.activity.Move.moveOneTurn()&quot; because the return value of &quot;model.human.military.Military.getMove()&quot; is null
	at AttackAndMoveTest.attackUnitToToolTest(AttackAndMoveTest.java:279)
	at java.base/jdk.internal.reflect.DirectMethodHandleAccessor.invoke(DirectMethodHandleAccessor.java:104)
	at java.base/java.lang.reflect.Method.invoke(Method.java:578)
	at org.junit.runners.model.FrameworkMethod$1.runReflectiveCall(FrameworkMethod.java:59)
	at org.junit.internal.runners.model.ReflectiveCallable.run(ReflectiveCallable.java:12)
	at org.junit.runners.model.FrameworkMethod.invokeExplosively(FrameworkMethod.java:56)
	at org.junit.internal.runners.statements.InvokeMethod.evaluate(InvokeMethod.java:17)
	at org.junit.runners.ParentRunner$3.evaluate(ParentRunner.java:306)
	at org.junit.runners.BlockJUnit4ClassRunner$1.evaluate(BlockJUnit4ClassRunner.java:100)
	at org.junit.runners.ParentRunner.runLeaf(ParentRunner.java:366)
	at org.junit.runners.BlockJUnit4ClassRunner.runChild(BlockJUnit4ClassRunner.java:103)
	at org.junit.runners.BlockJUnit4ClassRunner.runChild(BlockJUnit4ClassRunner.java:63)
	at org.junit.runners.ParentRunner$4.run(ParentRunner.java:331)
	at org.junit.runners.ParentRunner$1.schedule(ParentRunner.java:79)
	at org.junit.runners.ParentRunner.runChildren(ParentRunner.java:329)
	at org.junit.runners.ParentRunner.access$100(ParentRunner.java:66)
	at org.junit.runners.ParentRunner$2.evaluate(ParentRunner.java:293)
	at org.junit.runners.ParentRunner$3.evaluate(ParentRunner.java:306)
	at org.junit.runners.ParentRunner.run(ParentRunner.java:413)
	at org.apache.maven.surefire.junit4.JUnit4Provider.execute(JUnit4Provider.java:252)
	at org.apache.maven.surefire.junit4.JUnit4Provider.executeTestSet(JUnit4Provider.java:141)
	at org.apache.maven.surefire.junit4.JUnit4Provider.invoke(JUnit4Provider.java:112)
	at java.base/jdk.internal.reflect.DirectMethodHandleAccessor.invoke(DirectMethodHandleAccessor.java:104)
	at java.base/java.lang.reflect.Method.invoke(Method.java:578)
	at org.apache.maven.surefire.util.ReflectionUtils.invokeMethodWithArray(ReflectionUtils.java:189)
	at org.apache.maven.surefire.booter.ProviderFactory$ProviderProxy.invoke(ProviderFactory.java:165)
	at org.apache.maven.surefire.booter.ProviderFactory.invokeProvider(ProviderFactory.java:85)
	at org.apache.maven.surefire.booter.ForkedBooter.runSuitesInProcess(ForkedBooter.java:115)
	at org.apache.maven.surefire.booter.ForkedBooter.main(ForkedBooter.java:75)
</error>
    <system-out>you can&apos;t put a tool here!
this tool is not yours!
</system-out>
  </testcase>
  <testcase classname="AttackAndMoveTest" name="digMoatTest" time="0.097">
    <error message="Cannot invoke &quot;java.lang.Integer.intValue()&quot; because the return value of &quot;java.util.HashMap.get(Object)&quot; is null" type="java.lang.NullPointerException">java.lang.NullPointerException: Cannot invoke &quot;java.lang.Integer.intValue()&quot; because the return value of &quot;java.util.HashMap.get(Object)&quot; is null
	at controller.GameController.showMap(GameController.java:709)
	at AttackAndMoveTest.digMoatTest(AttackAndMoveTest.java:116)
	at java.base/jdk.internal.reflect.DirectMethodHandleAccessor.invoke(DirectMethodHandleAccessor.java:104)
	at java.base/java.lang.reflect.Method.invoke(Method.java:578)
	at org.junit.runners.model.FrameworkMethod$1.runReflectiveCall(FrameworkMethod.java:59)
	at org.junit.internal.runners.model.ReflectiveCallable.run(ReflectiveCallable.java:12)
	at org.junit.runners.model.FrameworkMethod.invokeExplosively(FrameworkMethod.java:56)
	at org.junit.internal.runners.statements.InvokeMethod.evaluate(InvokeMethod.java:17)
	at org.junit.runners.ParentRunner$3.evaluate(ParentRunner.java:306)
	at org.junit.runners.BlockJUnit4ClassRunner$1.evaluate(BlockJUnit4ClassRunner.java:100)
	at org.junit.runners.ParentRunner.runLeaf(ParentRunner.java:366)
	at org.junit.runners.BlockJUnit4ClassRunner.runChild(BlockJUnit4ClassRunner.java:103)
	at org.junit.runners.BlockJUnit4ClassRunner.runChild(BlockJUnit4ClassRunner.java:63)
	at org.junit.runners.ParentRunner$4.run(ParentRunner.java:331)
	at org.junit.runners.ParentRunner$1.schedule(ParentRunner.java:79)
	at org.junit.runners.ParentRunner.runChildren(ParentRunner.java:329)
	at org.junit.runners.ParentRunner.access$100(ParentRunner.java:66)
	at org.junit.runners.ParentRunner$2.evaluate(ParentRunner.java:293)
	at org.junit.runners.ParentRunner$3.evaluate(ParentRunner.java:306)
	at org.junit.runners.ParentRunner.run(ParentRunner.java:413)
	at org.apache.maven.surefire.junit4.JUnit4Provider.execute(JUnit4Provider.java:252)
	at org.apache.maven.surefire.junit4.JUnit4Provider.executeTestSet(JUnit4Provider.java:141)
	at org.apache.maven.surefire.junit4.JUnit4Provider.invoke(JUnit4Provider.java:112)
	at java.base/jdk.internal.reflect.DirectMethodHandleAccessor.invoke(DirectMethodHandleAccessor.java:104)
	at java.base/java.lang.reflect.Method.invoke(Method.java:578)
	at org.apache.maven.surefire.util.ReflectionUtils.invokeMethodWithArray(ReflectionUtils.java:189)
	at org.apache.maven.surefire.booter.ProviderFactory$ProviderProxy.invoke(ProviderFactory.java:165)
	at org.apache.maven.surefire.booter.ProviderFactory.invokeProvider(ProviderFactory.java:85)
	at org.apache.maven.surefire.booter.ForkedBooter.runSuitesInProcess(ForkedBooter.java:115)
	at org.apache.maven.surefire.booter.ForkedBooter.main(ForkedBooter.java:75)
</error>
  </testcase>
  <testcase classname="AttackAndMoveTest" name="attackToolWithSiegeTower" time="0.034">
    <error message="Cannot invoke &quot;model.activity.Move.moveOneTurn()&quot; because the return value of &quot;model.human.military.Military.getMove()&quot; is null" type="java.lang.NullPointerException">java.lang.NullPointerException: Cannot invoke &quot;model.activity.Move.moveOneTurn()&quot; because the return value of &quot;model.human.military.Military.getMove()&quot; is null
	at AttackAndMoveTest.attackToolWithSiegeTower(AttackAndMoveTest.java:416)
	at java.base/jdk.internal.reflect.DirectMethodHandleAccessor.invoke(DirectMethodHandleAccessor.java:104)
	at java.base/java.lang.reflect.Method.invoke(Method.java:578)
	at org.junit.runners.model.FrameworkMethod$1.runReflectiveCall(FrameworkMethod.java:59)
	at org.junit.internal.runners.model.ReflectiveCallable.run(ReflectiveCallable.java:12)
	at org.junit.runners.model.FrameworkMethod.invokeExplosively(FrameworkMethod.java:56)
	at org.junit.internal.runners.statements.InvokeMethod.evaluate(InvokeMethod.java:17)
	at org.junit.runners.ParentRunner$3.evaluate(ParentRunner.java:306)
	at org.junit.runners.BlockJUnit4ClassRunner$1.evaluate(BlockJUnit4ClassRunner.java:100)
	at org.junit.runners.ParentRunner.runLeaf(ParentRunner.java:366)
	at org.junit.runners.BlockJUnit4ClassRunner.runChild(BlockJUnit4ClassRunner.java:103)
	at org.junit.runners.BlockJUnit4ClassRunner.runChild(BlockJUnit4ClassRunner.java:63)
	at org.junit.runners.ParentRunner$4.run(ParentRunner.java:331)
	at org.junit.runners.ParentRunner$1.schedule(ParentRunner.java:79)
	at org.junit.runners.ParentRunner.runChildren(ParentRunner.java:329)
	at org.junit.runners.ParentRunner.access$100(ParentRunner.java:66)
	at org.junit.runners.ParentRunner$2.evaluate(ParentRunner.java:293)
	at org.junit.runners.ParentRunner$3.evaluate(ParentRunner.java:306)
	at org.junit.runners.ParentRunner.run(ParentRunner.java:413)
	at org.apache.maven.surefire.junit4.JUnit4Provider.execute(JUnit4Provider.java:252)
	at org.apache.maven.surefire.junit4.JUnit4Provider.executeTestSet(JUnit4Provider.java:141)
	at org.apache.maven.surefire.junit4.JUnit4Provider.invoke(JUnit4Provider.java:112)
	at java.base/jdk.internal.reflect.DirectMethodHandleAccessor.invoke(DirectMethodHandleAccessor.java:104)
	at java.base/java.lang.reflect.Method.invoke(Method.java:578)
	at org.apache.maven.surefire.util.ReflectionUtils.invokeMethodWithArray(ReflectionUtils.java:189)
	at org.apache.maven.surefire.booter.ProviderFactory$ProviderProxy.invoke(ProviderFactory.java:165)
	at org.apache.maven.surefire.booter.ProviderFactory.invokeProvider(ProviderFactory.java:85)
	at org.apache.maven.surefire.booter.ForkedBooter.runSuitesInProcess(ForkedBooter.java:115)
	at org.apache.maven.surefire.booter.ForkedBooter.main(ForkedBooter.java:75)
</error>
    <system-out>you can&apos;t put a tool here!
this tool is not yours!
</system-out>
  </testcase>
  <testcase classname="AttackAndMoveTest" name="pourOilTest" time="0.066">
    <error message="Cannot invoke &quot;java.lang.Integer.intValue()&quot; because the return value of &quot;java.util.HashMap.get(Object)&quot; is null" type="java.lang.NullPointerException">java.lang.NullPointerException: Cannot invoke &quot;java.lang.Integer.intValue()&quot; because the return value of &quot;java.util.HashMap.get(Object)&quot; is null
	at controller.GameController.showMap(GameController.java:709)
	at AttackAndMoveTest.pourOilTest(AttackAndMoveTest.java:486)
	at java.base/jdk.internal.reflect.DirectMethodHandleAccessor.invoke(DirectMethodHandleAccessor.java:104)
	at java.base/java.lang.reflect.Method.invoke(Method.java:578)
	at org.junit.runners.model.FrameworkMethod$1.runReflectiveCall(FrameworkMethod.java:59)
	at org.junit.internal.runners.model.ReflectiveCallable.run(ReflectiveCallable.java:12)
	at org.junit.runners.model.FrameworkMethod.invokeExplosively(FrameworkMethod.java:56)
	at org.junit.internal.runners.statements.InvokeMethod.evaluate(InvokeMethod.java:17)
	at org.junit.runners.ParentRunner$3.evaluate(ParentRunner.java:306)
	at org.junit.runners.BlockJUnit4ClassRunner$1.evaluate(BlockJUnit4ClassRunner.java:100)
	at org.junit.runners.ParentRunner.runLeaf(ParentRunner.java:366)
	at org.junit.runners.BlockJUnit4ClassRunner.runChild(BlockJUnit4ClassRunner.java:103)
	at org.junit.runners.BlockJUnit4ClassRunner.runChild(BlockJUnit4ClassRunner.java:63)
	at org.junit.runners.ParentRunner$4.run(ParentRunner.java:331)
	at org.junit.runners.ParentRunner$1.schedule(ParentRunner.java:79)
	at org.junit.runners.ParentRunner.runChildren(ParentRunner.java:329)
	at org.junit.runners.ParentRunner.access$100(ParentRunner.java:66)
	at org.junit.runners.ParentRunner$2.evaluate(ParentRunner.java:293)
	at org.junit.runners.ParentRunner$3.evaluate(ParentRunner.java:306)
	at org.junit.runners.ParentRunner.run(ParentRunner.java:413)
	at org.apache.maven.surefire.junit4.JUnit4Provider.execute(JUnit4Provider.java:252)
	at org.apache.maven.surefire.junit4.JUnit4Provider.executeTestSet(JUnit4Provider.java:141)
	at org.apache.maven.surefire.junit4.JUnit4Provider.invoke(JUnit4Provider.java:112)
	at java.base/jdk.internal.reflect.DirectMethodHandleAccessor.invoke(DirectMethodHandleAccessor.java:104)
	at java.base/java.lang.reflect.Method.invoke(Method.java:578)
	at org.apache.maven.surefire.util.ReflectionUtils.invokeMethodWithArray(ReflectionUtils.java:189)
	at org.apache.maven.surefire.booter.ProviderFactory$ProviderProxy.invoke(ProviderFactory.java:165)
	at org.apache.maven.surefire.booter.ProviderFactory.invokeProvider(ProviderFactory.java:85)
	at org.apache.maven.surefire.booter.ForkedBooter.runSuitesInProcess(ForkedBooter.java:115)
	at org.apache.maven.surefire.booter.ForkedBooter.main(ForkedBooter.java:75)
</error>
  </testcase>
  <testcase classname="AttackAndMoveTest" name="attackToolToBuilding" time="0.03">
    <error message="Cannot invoke &quot;model.activity.Move.moveOneTurn()&quot; because the return value of &quot;model.human.military.Military.getMove()&quot; is null" type="java.lang.NullPointerException">java.lang.NullPointerException: Cannot invoke &quot;model.activity.Move.moveOneTurn()&quot; because the return value of &quot;model.human.military.Military.getMove()&quot; is null
	at AttackAndMoveTest.attackToolToBuilding(AttackAndMoveTest.java:359)
	at java.base/jdk.internal.reflect.DirectMethodHandleAccessor.invoke(DirectMethodHandleAccessor.java:104)
	at java.base/java.lang.reflect.Method.invoke(Method.java:578)
	at org.junit.runners.model.FrameworkMethod$1.runReflectiveCall(FrameworkMethod.java:59)
	at org.junit.internal.runners.model.ReflectiveCallable.run(ReflectiveCallable.java:12)
	at org.junit.runners.model.FrameworkMethod.invokeExplosively(FrameworkMethod.java:56)
	at org.junit.internal.runners.statements.InvokeMethod.evaluate(InvokeMethod.java:17)
	at org.junit.runners.ParentRunner$3.evaluate(ParentRunner.java:306)
	at org.junit.runners.BlockJUnit4ClassRunner$1.evaluate(BlockJUnit4ClassRunner.java:100)
	at org.junit.runners.ParentRunner.runLeaf(ParentRunner.java:366)
	at org.junit.runners.BlockJUnit4ClassRunner.runChild(BlockJUnit4ClassRunner.java:103)
	at org.junit.runners.BlockJUnit4ClassRunner.runChild(BlockJUnit4ClassRunner.java:63)
	at org.junit.runners.ParentRunner$4.run(ParentRunner.java:331)
	at org.junit.runners.ParentRunner$1.schedule(ParentRunner.java:79)
	at org.junit.runners.ParentRunner.runChildren(ParentRunner.java:329)
	at org.junit.runners.ParentRunner.access$100(ParentRunner.java:66)
	at org.junit.runners.ParentRunner$2.evaluate(ParentRunner.java:293)
	at org.junit.runners.ParentRunner$3.evaluate(ParentRunner.java:306)
	at org.junit.runners.ParentRunner.run(ParentRunner.java:413)
	at org.apache.maven.surefire.junit4.JUnit4Provider.execute(JUnit4Provider.java:252)
	at org.apache.maven.surefire.junit4.JUnit4Provider.executeTestSet(JUnit4Provider.java:141)
	at org.apache.maven.surefire.junit4.JUnit4Provider.invoke(JUnit4Provider.java:112)
	at java.base/jdk.internal.reflect.DirectMethodHandleAccessor.invoke(DirectMethodHandleAccessor.java:104)
	at java.base/java.lang.reflect.Method.invoke(Method.java:578)
	at org.apache.maven.surefire.util.ReflectionUtils.invokeMethodWithArray(ReflectionUtils.java:189)
	at org.apache.maven.surefire.booter.ProviderFactory$ProviderProxy.invoke(ProviderFactory.java:165)
	at org.apache.maven.surefire.booter.ProviderFactory.invokeProvider(ProviderFactory.java:85)
	at org.apache.maven.surefire.booter.ForkedBooter.runSuitesInProcess(ForkedBooter.java:115)
	at org.apache.maven.surefire.booter.ForkedBooter.main(ForkedBooter.java:75)
</error>
    <system-out>you can&apos;t put a tool here!
this tool is not yours!
</system-out>
  </testcase>
  <testcase classname="AttackAndMoveTest" name="digTunnelTest" time="0.049">
    <error message="Cannot invoke &quot;java.lang.Integer.intValue()&quot; because the return value of &quot;java.util.HashMap.get(Object)&quot; is null" type="java.lang.NullPointerException">java.lang.NullPointerException: Cannot invoke &quot;java.lang.Integer.intValue()&quot; because the return value of &quot;java.util.HashMap.get(Object)&quot; is null
	at controller.GameController.showMap(GameController.java:709)
	at AttackAndMoveTest.digTunnelTest(AttackAndMoveTest.java:152)
	at java.base/jdk.internal.reflect.DirectMethodHandleAccessor.invoke(DirectMethodHandleAccessor.java:104)
	at java.base/java.lang.reflect.Method.invoke(Method.java:578)
	at org.junit.runners.model.FrameworkMethod$1.runReflectiveCall(FrameworkMethod.java:59)
	at org.junit.internal.runners.model.ReflectiveCallable.run(ReflectiveCallable.java:12)
	at org.junit.runners.model.FrameworkMethod.invokeExplosively(FrameworkMethod.java:56)
	at org.junit.internal.runners.statements.InvokeMethod.evaluate(InvokeMethod.java:17)
	at org.junit.runners.ParentRunner$3.evaluate(ParentRunner.java:306)
	at org.junit.runners.BlockJUnit4ClassRunner$1.evaluate(BlockJUnit4ClassRunner.java:100)
	at org.junit.runners.ParentRunner.runLeaf(ParentRunner.java:366)
	at org.junit.runners.BlockJUnit4ClassRunner.runChild(BlockJUnit4ClassRunner.java:103)
	at org.junit.runners.BlockJUnit4ClassRunner.runChild(BlockJUnit4ClassRunner.java:63)
	at org.junit.runners.ParentRunner$4.run(ParentRunner.java:331)
	at org.junit.runners.ParentRunner$1.schedule(ParentRunner.java:79)
	at org.junit.runners.ParentRunner.runChildren(ParentRunner.java:329)
	at org.junit.runners.ParentRunner.access$100(ParentRunner.java:66)
	at org.junit.runners.ParentRunner$2.evaluate(ParentRunner.java:293)
	at org.junit.runners.ParentRunner$3.evaluate(ParentRunner.java:306)
	at org.junit.runners.ParentRunner.run(ParentRunner.java:413)
	at org.apache.maven.surefire.junit4.JUnit4Provider.execute(JUnit4Provider.java:252)
	at org.apache.maven.surefire.junit4.JUnit4Provider.executeTestSet(JUnit4Provider.java:141)
	at org.apache.maven.surefire.junit4.JUnit4Provider.invoke(JUnit4Provider.java:112)
	at java.base/jdk.internal.reflect.DirectMethodHandleAccessor.invoke(DirectMethodHandleAccessor.java:104)
	at java.base/java.lang.reflect.Method.invoke(Method.java:578)
	at org.apache.maven.surefire.util.ReflectionUtils.invokeMethodWithArray(ReflectionUtils.java:189)
	at org.apache.maven.surefire.booter.ProviderFactory$ProviderProxy.invoke(ProviderFactory.java:165)
	at org.apache.maven.surefire.booter.ProviderFactory.invokeProvider(ProviderFactory.java:85)
	at org.apache.maven.surefire.booter.ForkedBooter.runSuitesInProcess(ForkedBooter.java:115)
	at org.apache.maven.surefire.booter.ForkedBooter.main(ForkedBooter.java:75)
</error>
  </testcase>
  <testcase classname="AttackAndMoveTest" name="patrolTool" time="0.031">
    <error message="Cannot invoke &quot;model.activity.Move.moveOneTurn()&quot; because the return value of &quot;model.human.military.Military.getMove()&quot; is null" type="java.lang.NullPointerException">java.lang.NullPointerException: Cannot invoke &quot;model.activity.Move.moveOneTurn()&quot; because the return value of &quot;model.human.military.Military.getMove()&quot; is null
	at AttackAndMoveTest.patrolTool(AttackAndMoveTest.java:240)
	at java.base/jdk.internal.reflect.DirectMethodHandleAccessor.invoke(DirectMethodHandleAccessor.java:104)
	at java.base/java.lang.reflect.Method.invoke(Method.java:578)
	at org.junit.runners.model.FrameworkMethod$1.runReflectiveCall(FrameworkMethod.java:59)
	at org.junit.internal.runners.model.ReflectiveCallable.run(ReflectiveCallable.java:12)
	at org.junit.runners.model.FrameworkMethod.invokeExplosively(FrameworkMethod.java:56)
	at org.junit.internal.runners.statements.InvokeMethod.evaluate(InvokeMethod.java:17)
	at org.junit.runners.ParentRunner$3.evaluate(ParentRunner.java:306)
	at org.junit.runners.BlockJUnit4ClassRunner$1.evaluate(BlockJUnit4ClassRunner.java:100)
	at org.junit.runners.ParentRunner.runLeaf(ParentRunner.java:366)
	at org.junit.runners.BlockJUnit4ClassRunner.runChild(BlockJUnit4ClassRunner.java:103)
	at org.junit.runners.BlockJUnit4ClassRunner.runChild(BlockJUnit4ClassRunner.java:63)
	at org.junit.runners.ParentRunner$4.run(ParentRunner.java:331)
	at org.junit.runners.ParentRunner$1.schedule(ParentRunner.java:79)
	at org.junit.runners.ParentRunner.runChildren(ParentRunner.java:329)
	at org.junit.runners.ParentRunner.access$100(ParentRunner.java:66)
	at org.junit.runners.ParentRunner$2.evaluate(ParentRunner.java:293)
	at org.junit.runners.ParentRunner$3.evaluate(ParentRunner.java:306)
	at org.junit.runners.ParentRunner.run(ParentRunner.java:413)
	at org.apache.maven.surefire.junit4.JUnit4Provider.execute(JUnit4Provider.java:252)
	at org.apache.maven.surefire.junit4.JUnit4Provider.executeTestSet(JUnit4Provider.java:141)
	at org.apache.maven.surefire.junit4.JUnit4Provider.invoke(JUnit4Provider.java:112)
	at java.base/jdk.internal.reflect.DirectMethodHandleAccessor.invoke(DirectMethodHandleAccessor.java:104)
	at java.base/java.lang.reflect.Method.invoke(Method.java:578)
	at org.apache.maven.surefire.util.ReflectionUtils.invokeMethodWithArray(ReflectionUtils.java:189)
	at org.apache.maven.surefire.booter.ProviderFactory$ProviderProxy.invoke(ProviderFactory.java:165)
	at org.apache.maven.surefire.booter.ProviderFactory.invokeProvider(ProviderFactory.java:85)
	at org.apache.maven.surefire.booter.ForkedBooter.runSuitesInProcess(ForkedBooter.java:115)
	at org.apache.maven.surefire.booter.ForkedBooter.main(ForkedBooter.java:75)
</error>
    <system-out>you can&apos;t put a tool here!
this tool is not yours!
</system-out>
  </testcase>
</testsuite>